<?xml version="1.0" encoding="UTF-8"?>
<robot generator="Robot 6.1 (Python 3.9.13 on win32)" generated="20230622 14:58:07.889" rpa="false" schemaversion="4">
<suite id="s1" name="Inscription NouvelUtilisateur" source="C:\Users\qlourenc\OneDrive - Capgemini\Documents\Robot\Projet DataDriven\tests\Inscription_NouvelUtilisateur.robot">
<test id="s1-t1" name="Inscription d'un nouveau utilisateur" line="16">
<kw name="Run Keywords" library="BuiltIn" type="SETUP">
<arg>web.Ouvrir Chrome</arg>
<arg>AND</arg>
<arg>SeleniumLibrary.Go To</arg>
<arg>${URL}</arg>
<doc>Executes all the given keywords in a sequence.</doc>
<msg timestamp="20230622 14:58:09.829" level="TRACE">Arguments: [ 'web.Ouvrir Chrome' | 'AND' | 'SeleniumLibrary.Go To' | '${URL}' ]</msg>
<kw name="Ouvrir Chrome" library="web">
<doc>Ouvrir Google Chrome sur le device.</doc>
<msg timestamp="20230622 14:58:09.829" level="TRACE">Arguments: [  ]</msg>
<kw name="Sur Mon Navigateur" library="web">
<arg>Ouvrir Chrome</arg>
<doc>Aiguillage en fonction de la variable Jenkins MY_DEVICE.</doc>
<msg timestamp="20230622 14:58:09.829" level="TRACE">Arguments: [ ${myKeyword}='Ouvrir Chrome' | @{myVarargs}=[] ]</msg>
<kw name="Get Environment Variable" library="OperatingSystem">
<var>${theDevice}</var>
<arg>MY_DEVICE</arg>
<arg>default=PC</arg>
<doc>Returns the value of an environment variable with the given name.</doc>
<msg timestamp="20230622 14:58:09.829" level="TRACE">Arguments: [ 'MY_DEVICE' | default='PC' ]</msg>
<msg timestamp="20230622 14:58:09.829" level="TRACE">Return: 'PC'</msg>
<msg timestamp="20230622 14:58:09.829" level="INFO">${theDevice} = PC</msg>
<status status="PASS" starttime="20230622 14:58:09.829" endtime="20230622 14:58:09.829"/>
</kw>
<kw name="Run Keyword And Ignore Error" library="BuiltIn">
<var>${passed}</var>
<var>${libraryName}</var>
<arg>Get From Dictionary</arg>
<arg>${FBO_DEVICES}</arg>
<arg>${theDevice}libraryName</arg>
<doc>Runs the given keyword with the given arguments and ignores possible error.</doc>
<msg timestamp="20230622 14:58:09.830" level="TRACE">Arguments: [ 'Get From Dictionary' | '${FBO_DEVICES}' | '${theDevice}libraryName' ]</msg>
<kw name="Get From Dictionary" library="Collections">
<arg>${FBO_DEVICES}</arg>
<arg>${theDevice}libraryName</arg>
<doc>Returns a value from the given ``dictionary`` based on the given ``key``.</doc>
<msg timestamp="20230622 14:58:09.830" level="FAIL">Variable '${FBO_DEVICES}' not found.</msg>
<status status="FAIL" starttime="20230622 14:58:09.830" endtime="20230622 14:58:09.830"/>
</kw>
<msg timestamp="20230622 14:58:09.830" level="TRACE">Return: ('FAIL', "Variable '${FBO_DEVICES}' not found.")</msg>
<msg timestamp="20230622 14:58:09.830" level="INFO">${passed} = FAIL</msg>
<msg timestamp="20230622 14:58:09.830" level="INFO">${libraryName} = Variable '${FBO_DEVICES}' not found.</msg>
<status status="PASS" starttime="20230622 14:58:09.830" endtime="20230622 14:58:09.830"/>
</kw>
<kw name="Set Variable If" library="BuiltIn">
<var>${libraryName}</var>
<arg>'${passed}'=='PASS'</arg>
<arg>${libraryName}</arg>
<arg>selenium</arg>
<doc>Sets variable based on the given condition.</doc>
<msg timestamp="20230622 14:58:09.831" level="TRACE">Arguments: [ "'FAIL'=='PASS'" | '${libraryName}' | 'selenium' ]</msg>
<msg timestamp="20230622 14:58:09.831" level="TRACE">Return: 'selenium'</msg>
<msg timestamp="20230622 14:58:09.831" level="INFO">${libraryName} = selenium</msg>
<status status="PASS" starttime="20230622 14:58:09.830" endtime="20230622 14:58:09.831"/>
</kw>
<kw name="Run Keyword" library="BuiltIn">
<var>${returnValue}</var>
<arg>${libraryName}.${myKeyword}</arg>
<arg>@{myVarargs}</arg>
<doc>Executes the given keyword with the given arguments.</doc>
<msg timestamp="20230622 14:58:09.831" level="TRACE">Arguments: [ '${libraryName}.${myKeyword}' | '@{myVarargs}' ]</msg>
<kw name="Ouvrir Chrome" library="selenium">
<arg>@{myVarargs}</arg>
<doc>Ouvrir Google Chrome sur le device.</doc>
<msg timestamp="20230622 14:58:09.843" level="TRACE">Arguments: [ ${myAlias}='None' ]</msg>
<kw name="Definir Les Capacites Chrome" library="web">
<var>${chrome_options}</var>
<doc>Définir le paramétrage de fonctionnement de chrome_options.</doc>
<msg timestamp="20230622 14:58:09.844" level="TRACE">Arguments: [ ${localBrowser}=True | ${myAuthExtension}='' | ${myDownloadDirectory}='C:\\Robot\\run\\workspace' ]</msg>
<kw name="Evaluate" library="BuiltIn">
<var>${options}</var>
<arg>sys.modules['selenium.webdriver'].ChromeOptions()</arg>
<arg>sys, selenium.webdriver</arg>
<doc>Evaluates the given expression in Python and returns the result.</doc>
<msg timestamp="20230622 14:58:09.844" level="TRACE">Arguments: [ "sys.modules['selenium.webdriver'].ChromeOptions()" | 'sys, selenium.webdriver' ]</msg>
<msg timestamp="20230622 14:58:09.844" level="TRACE">Return: &lt;selenium.webdriver.chrome.options.Options object at 0x000001E1CE63EC10&gt;</msg>
<msg timestamp="20230622 14:58:09.844" level="INFO">${options} = &lt;selenium.webdriver.chrome.options.Options object at 0x000001E1CE63EC10&gt;</msg>
<status status="PASS" starttime="20230622 14:58:09.844" endtime="20230622 14:58:09.844"/>
</kw>
<kw name="Create Dictionary" library="BuiltIn">
<var>${prefs}</var>
<arg>intl.accept_languages=fr,fr_FR</arg>
<arg>profile.content_settings.exceptions.automatic_downloads."*".setting=1</arg>
<arg>profile.default_content_settings.popups=0</arg>
<arg>profile.cookie_controls_mode=0</arg>
<arg>download.prompt_for_download=${FALSE}</arg>
<arg>download.directory_upgrade=${TRUE}</arg>
<arg>download.default_directory=${myDownloadDirectory}</arg>
<arg>acceptSslCerts=${TRUE}</arg>
<arg>acceptInsecureCerts=${TRUE}</arg>
<doc>Creates and returns a dictionary based on the given ``items``.</doc>
<msg timestamp="20230622 14:58:09.845" level="TRACE">Arguments: [ 'intl.accept_languages=fr,fr_FR' | 'profile.content_settings.exceptions.automatic_downloads."*".setting=1' | 'profile.default_content_settings.popups=0' | 'profile.cookie_controls_mode=0' | 'download.prompt_for_download=${FALSE}' | 'download.directory_upgrade=${TRUE}' | 'download.default_directory=${myDownloadDirectory}' | 'acceptSslCerts=${TRUE}' | 'acceptInsecureCerts=${TRUE}' ]</msg>
<msg timestamp="20230622 14:58:09.845" level="TRACE">Return: {'acceptInsecureCerts': True,
 'acceptSslCerts': True,
 'download.default_directory': 'C:\\Robot\\run\\workspace',
 'download.directory_upgrade': True,
 'download.prompt_for_download': False,
 'intl.accept_languages': 'fr,fr_FR',
 'profile.content_settings.exceptions.automatic_downloads."*".setting': '1',
 'profile.cookie_controls_mode': '0',
 'profile.default_content_settings.popups': '0'}</msg>
<msg timestamp="20230622 14:58:09.845" level="INFO">${prefs} = {'intl.accept_languages': 'fr,fr_FR', 'profile.content_settings.exceptions.automatic_downloads."*".setting': '1', 'profile.default_content_settings.popups': '0', 'profile.cookie_controls_mode': '0', '...</msg>
<status status="PASS" starttime="20230622 14:58:09.845" endtime="20230622 14:58:09.845"/>
</kw>
<kw name="Run Keyword And Return Status" library="BuiltIn">
<var>${exist_extension}</var>
<arg>Should Not Be Empty</arg>
<arg>${myAuthExtension}</arg>
<doc>Runs the given keyword with given arguments and returns the status as a Boolean value.</doc>
<msg timestamp="20230622 14:58:09.845" level="TRACE">Arguments: [ 'Should Not Be Empty' | '${myAuthExtension}' ]</msg>
<kw name="Should Not Be Empty" library="BuiltIn">
<arg>${myAuthExtension}</arg>
<doc>Verifies that the given item is not empty.</doc>
<msg timestamp="20230622 14:58:09.846" level="TRACE">Arguments: [ '' ]</msg>
<msg timestamp="20230622 14:58:09.846" level="INFO">Length is 0</msg>
<msg timestamp="20230622 14:58:09.846" level="FAIL">'' should not be empty.</msg>
<msg timestamp="20230622 14:58:09.846" level="DEBUG">Traceback (most recent call last):
  None
AssertionError: '' should not be empty.</msg>
<status status="FAIL" starttime="20230622 14:58:09.846" endtime="20230622 14:58:09.846"/>
</kw>
<msg timestamp="20230622 14:58:09.846" level="TRACE">Return: False</msg>
<msg timestamp="20230622 14:58:09.846" level="INFO">${exist_extension} = False</msg>
<status status="PASS" starttime="20230622 14:58:09.845" endtime="20230622 14:58:09.846"/>
</kw>
<kw name="Run Keyword If" library="BuiltIn">
<arg>${exist_extension}</arg>
<arg>Call Method</arg>
<arg>${options}</arg>
<arg>add_extension</arg>
<arg>${myAuthExtension}</arg>
<doc>Runs the given keyword with the given arguments, if ``condition`` is true.</doc>
<msg timestamp="20230622 14:58:09.846" level="TRACE">Arguments: [ False | 'Call Method' | '${options}' | 'add_extension' | '${myAuthExtension}' ]</msg>
<msg timestamp="20230622 14:58:09.846" level="TRACE">Return: None</msg>
<status status="PASS" starttime="20230622 14:58:09.846" endtime="20230622 14:58:09.846"/>
</kw>
<kw name="Call Method" library="BuiltIn">
<arg>${options}</arg>
<arg>add_argument</arg>
<arg>--disable-dev-shm-usage</arg>
<doc>Calls the named method of the given object with the provided arguments.</doc>
<msg timestamp="20230622 14:58:09.847" level="TRACE">Arguments: [ &lt;selenium.webdriver.chrome.options.Options object at 0x000001E1CE63EC10&gt; | 'add_argument' | '--disable-dev-shm-usage' ]</msg>
<msg timestamp="20230622 14:58:09.847" level="TRACE">Return: None</msg>
<status status="PASS" starttime="20230622 14:58:09.847" endtime="20230622 14:58:09.847"/>
</kw>
<kw name="Call Method" library="BuiltIn">
<arg>${options}</arg>
<arg>add_argument</arg>
<arg>--disable-gpu</arg>
<doc>Calls the named method of the given object with the provided arguments.</doc>
<msg timestamp="20230622 14:58:09.847" level="TRACE">Arguments: [ &lt;selenium.webdriver.chrome.options.Options object at 0x000001E1CE63EC10&gt; | 'add_argument' | '--disable-gpu' ]</msg>
<msg timestamp="20230622 14:58:09.847" level="TRACE">Return: None</msg>
<status status="PASS" starttime="20230622 14:58:09.847" endtime="20230622 14:58:09.847"/>
</kw>
<kw name="Call Method" library="BuiltIn">
<arg>${options}</arg>
<arg>add_argument</arg>
<arg>--no-sandbox</arg>
<doc>Calls the named method of the given object with the provided arguments.</doc>
<msg timestamp="20230622 14:58:09.847" level="TRACE">Arguments: [ &lt;selenium.webdriver.chrome.options.Options object at 0x000001E1CE63EC10&gt; | 'add_argument' | '--no-sandbox' ]</msg>
<msg timestamp="20230622 14:58:09.847" level="TRACE">Return: None</msg>
<status status="PASS" starttime="20230622 14:58:09.847" endtime="20230622 14:58:09.847"/>
</kw>
<kw name="Call Method" library="BuiltIn">
<arg>${options}</arg>
<arg>add_argument</arg>
<arg>--headless</arg>
<doc>Calls the named method of the given object with the provided arguments.</doc>
<msg timestamp="20230622 14:58:09.848" level="TRACE">Arguments: [ &lt;selenium.webdriver.chrome.options.Options object at 0x000001E1CE63EC10&gt; | 'add_argument' | '--headless' ]</msg>
<msg timestamp="20230622 14:58:09.848" level="TRACE">Return: None</msg>
<status status="PASS" starttime="20230622 14:58:09.847" endtime="20230622 14:58:09.848"/>
</kw>
<kw name="Call Method" library="BuiltIn">
<arg>${options}</arg>
<arg>add_argument</arg>
<arg>window-size\=1920,1080</arg>
<doc>Calls the named method of the given object with the provided arguments.</doc>
<msg timestamp="20230622 14:58:09.848" level="TRACE">Arguments: [ &lt;selenium.webdriver.chrome.options.Options object at 0x000001E1CE63EC10&gt; | 'add_argument' | 'window-size=1920,1080' ]</msg>
<msg timestamp="20230622 14:58:09.848" level="TRACE">Return: None</msg>
<status status="PASS" starttime="20230622 14:58:09.848" endtime="20230622 14:58:09.848"/>
</kw>
<kw name="Call Method" library="BuiltIn">
<arg>${options}</arg>
<arg>add_argument</arg>
<arg>ignore-certificate-errors</arg>
<doc>Calls the named method of the given object with the provided arguments.</doc>
<msg timestamp="20230622 14:58:09.848" level="TRACE">Arguments: [ &lt;selenium.webdriver.chrome.options.Options object at 0x000001E1CE63EC10&gt; | 'add_argument' | 'ignore-certificate-errors' ]</msg>
<msg timestamp="20230622 14:58:09.848" level="TRACE">Return: None</msg>
<status status="PASS" starttime="20230622 14:58:09.848" endtime="20230622 14:58:09.848"/>
</kw>
<kw name="Call Method" library="BuiltIn">
<arg>${options}</arg>
<arg>add_argument</arg>
<arg>allow-running-insecure-content</arg>
<doc>Calls the named method of the given object with the provided arguments.</doc>
<msg timestamp="20230622 14:58:09.848" level="TRACE">Arguments: [ &lt;selenium.webdriver.chrome.options.Options object at 0x000001E1CE63EC10&gt; | 'add_argument' | 'allow-running-insecure-content' ]</msg>
<msg timestamp="20230622 14:58:09.848" level="TRACE">Return: None</msg>
<status status="PASS" starttime="20230622 14:58:09.848" endtime="20230622 14:58:09.848"/>
</kw>
<kw name="Call Method" library="BuiltIn">
<arg>${options}</arg>
<arg>add_argument</arg>
<arg>unsafely-treat-insecure-origin-as-secure</arg>
<doc>Calls the named method of the given object with the provided arguments.</doc>
<msg timestamp="20230622 14:58:09.848" level="TRACE">Arguments: [ &lt;selenium.webdriver.chrome.options.Options object at 0x000001E1CE63EC10&gt; | 'add_argument' | 'unsafely-treat-insecure-origin-as-secure' ]</msg>
<msg timestamp="20230622 14:58:09.848" level="TRACE">Return: None</msg>
<status status="PASS" starttime="20230622 14:58:09.848" endtime="20230622 14:58:09.848"/>
</kw>
<kw name="Call Method" library="BuiltIn">
<arg>${options}</arg>
<arg>add_experimental_option</arg>
<arg>useAutomationExtension</arg>
<arg>${FALSE}</arg>
<doc>Calls the named method of the given object with the provided arguments.</doc>
<msg timestamp="20230622 14:58:09.849" level="TRACE">Arguments: [ &lt;selenium.webdriver.chrome.options.Options object at 0x000001E1CE63EC10&gt; | 'add_experimental_option' | 'useAutomationExtension' | False ]</msg>
<msg timestamp="20230622 14:58:09.849" level="TRACE">Return: None</msg>
<status status="PASS" starttime="20230622 14:58:09.849" endtime="20230622 14:58:09.849"/>
</kw>
<kw name="Call Method" library="BuiltIn">
<arg>${options}</arg>
<arg>add_experimental_option</arg>
<arg>prefs</arg>
<arg>${prefs}</arg>
<doc>Calls the named method of the given object with the provided arguments.</doc>
<msg timestamp="20230622 14:58:09.849" level="TRACE">Arguments: [ &lt;selenium.webdriver.chrome.options.Options object at 0x000001E1CE63EC10&gt; | 'add_experimental_option' | 'prefs' | {'acceptInsecureCerts': True,
 'acceptSslCerts': True,
 'download.default_directory': 'C:\\Robot\\run\\workspace',
 'download.directory_upgrade': True,
 'download.prompt_for_download': False,
 'intl.accept_languages': 'fr,fr_FR',
 'profile.content_settings.exceptions.automatic_downloads."*".setting': '1',
 'profile.cookie_controls_mode': '0',
 'profile.default_content_settings.popups': '0'} ]</msg>
<msg timestamp="20230622 14:58:09.849" level="TRACE">Return: None</msg>
<status status="PASS" starttime="20230622 14:58:09.849" endtime="20230622 14:58:09.849"/>
</kw>
<msg timestamp="20230622 14:58:09.849" level="TRACE">Return: &lt;selenium.webdriver.chrome.options.Options object at 0x000001E1CE63EC10&gt;</msg>
<msg timestamp="20230622 14:58:09.849" level="INFO">${chrome_options} = &lt;selenium.webdriver.chrome.options.Options object at 0x000001E1CE63EC10&gt;</msg>
<status status="PASS" starttime="20230622 14:58:09.843" endtime="20230622 14:58:09.849"/>
</kw>
<kw name="Call Method" library="BuiltIn">
<var>${chrome_capabilities}</var>
<arg>${chrome_options}</arg>
<arg>to_capabilities</arg>
<doc>Calls the named method of the given object with the provided arguments.</doc>
<msg timestamp="20230622 14:58:09.849" level="TRACE">Arguments: [ &lt;selenium.webdriver.chrome.options.Options object at 0x000001E1CE63EC10&gt; | 'to_capabilities' ]</msg>
<msg timestamp="20230622 14:58:09.849" level="TRACE">Return: {'browserName': 'chrome',
 'goog:chromeOptions': {'args': ['--disable-dev-shm-usage',
                                 '--disable-gpu',
                                 '--no-sandbox',
                                 '--headless',
                                 'window-size=1920,1080',
                                 'ignore-certificate-errors',
                                 'allow-running-insecure-content',
                                 'unsafely-treat-insecure-origin-as-secure'],
                        'extensions': [],
                        'prefs': {'acceptInsecureCerts': True,
                                  'acceptSslCerts': True,
                                  'download.default_directory': 'C:\\Robot\\run\\workspace',
                                  'download.directory_upgrade': True,
                                  'download.prompt_for_download': False,
                                  'intl.accept_languages': 'fr,fr_FR',
                                  'profile.content_settings.exceptions.automatic_downloads."*".setting': '1',
                                  'profile.cookie_controls_mode': '0',
                                  'profile.default_content_settings.popups': '0'},
                        'useAutomationExtension': False},
 'pageLoadStrategy': 'normal'}</msg>
<msg timestamp="20230622 14:58:09.850" level="INFO">${chrome_capabilities} = {'browserName': 'chrome', 'pageLoadStrategy': 'normal', 'goog:chromeOptions': {'useAutomationExtension': False, 'prefs': {'intl.accept_languages': 'fr,fr_FR', 'profile.content_settings.exceptions.auto...</msg>
<status status="PASS" starttime="20230622 14:58:09.849" endtime="20230622 14:58:09.850"/>
</kw>
<kw name="Open Browser" library="SeleniumLibrary">
<arg>browser=chrome</arg>
<doc>Opens a new browser instance to the optional ``url``.</doc>
<msg timestamp="20230622 14:58:09.850" level="TRACE">Arguments: [ browser='chrome' ]</msg>
<msg timestamp="20230622 14:58:09.850" level="INFO">Opening browser 'chrome' to base url 'None'.</msg>
<msg timestamp="20230622 14:58:09.991" level="DEBUG">Started executable: `C:\robot\app\chromedriver\chromedriver.EXE` in a child process with pid: 25508</msg>
<msg timestamp="20230622 14:58:10.509" level="DEBUG">POST http://localhost:61311/session {"capabilities": {"firstMatch": [{}], "alwaysMatch": {"browserName": "chrome", "pageLoadStrategy": "normal", "goog:chromeOptions": {"extensions": [], "args": []}}}}</msg>
<msg timestamp="20230622 14:58:10.510" level="DEBUG">Starting new HTTP connection (1): localhost:61311</msg>
<msg timestamp="20230622 14:58:11.403" level="DEBUG">http://localhost:61311 "POST /session HTTP/1.1" 200 845</msg>
<msg timestamp="20230622 14:58:11.404" level="DEBUG">Remote response: status=200 | data={"value":{"capabilities":{"acceptInsecureCerts":false,"browserName":"chrome","browserVersion":"114.0.5735.134","chrome":{"chromedriverVersion":"114.0.5735.90 (386bc09e8f4f2e025eddae123f36f6263096ae49-refs/branch-heads/5735@{#1052})","userDataDir":"C:\\WINDOWS\\SystemTemp\\scoped_dir25508_745674198"},"goog:chromeOptions":{"debuggerAddress":"localhost:61314"},"networkConnectionEnabled":false,"pageLoadStrategy":"normal","platformName":"windows","proxy":{},"setWindowRect":true,"strictFileInteractability":false,"timeouts":{"implicit":0,"pageLoad":300000,"script":30000},"unhandledPromptBehavior":"dismiss and notify","webauthn:extension:credBlob":true,"webauthn:extension:largeBlob":true,"webauthn:extension:minPinLength":true,"webauthn:extension:prf":true,"webauthn:virtualAuthenticators":true},"sessionId":"33fa39f2fe6c8cb7724d8e9df3bdfb6c"}} | headers=HTTPHeaderDict({'Content-Length': '845', 'Content-Type': 'application/json; charset=utf-8', 'cache-control': 'no-cache'})</msg>
<msg timestamp="20230622 14:58:11.404" level="DEBUG">Finished Request</msg>
<msg timestamp="20230622 14:58:11.404" level="DEBUG">POST http://localhost:61311/session/33fa39f2fe6c8cb7724d8e9df3bdfb6c/timeouts {"script": 5000}</msg>
<msg timestamp="20230622 14:58:11.405" level="DEBUG">http://localhost:61311 "POST /session/33fa39f2fe6c8cb7724d8e9df3bdfb6c/timeouts HTTP/1.1" 200 14</msg>
<msg timestamp="20230622 14:58:11.405" level="DEBUG">Remote response: status=200 | data={"value":null} | headers=HTTPHeaderDict({'Content-Length': '14', 'Content-Type': 'application/json; charset=utf-8', 'cache-control': 'no-cache'})</msg>
<msg timestamp="20230622 14:58:11.405" level="DEBUG">Finished Request</msg>
<msg timestamp="20230622 14:58:11.405" level="DEBUG">POST http://localhost:61311/session/33fa39f2fe6c8cb7724d8e9df3bdfb6c/timeouts {"implicit": 0}</msg>
<msg timestamp="20230622 14:58:11.405" level="DEBUG">http://localhost:61311 "POST /session/33fa39f2fe6c8cb7724d8e9df3bdfb6c/timeouts HTTP/1.1" 200 14</msg>
<msg timestamp="20230622 14:58:11.406" level="DEBUG">Remote response: status=200 | data={"value":null} | headers=HTTPHeaderDict({'Content-Length': '14', 'Content-Type': 'application/json; charset=utf-8', 'cache-control': 'no-cache'})</msg>
<msg timestamp="20230622 14:58:11.406" level="DEBUG">Finished Request</msg>
<msg timestamp="20230622 14:58:11.406" level="DEBUG">POST http://localhost:61311/session/33fa39f2fe6c8cb7724d8e9df3bdfb6c/timeouts {"pageLoad": 300000}</msg>
<msg timestamp="20230622 14:58:11.406" level="DEBUG">http://localhost:61311 "POST /session/33fa39f2fe6c8cb7724d8e9df3bdfb6c/timeouts HTTP/1.1" 200 14</msg>
<msg timestamp="20230622 14:58:11.407" level="DEBUG">Remote response: status=200 | data={"value":null} | headers=HTTPHeaderDict({'Content-Length': '14', 'Content-Type': 'application/json; charset=utf-8', 'cache-control': 'no-cache'})</msg>
<msg timestamp="20230622 14:58:11.407" level="DEBUG">Finished Request</msg>
<msg timestamp="20230622 14:58:11.407" level="DEBUG">Opened browser with session id 33fa39f2fe6c8cb7724d8e9df3bdfb6c.</msg>
<msg timestamp="20230622 14:58:11.407" level="TRACE">Return: 1</msg>
<status status="PASS" starttime="20230622 14:58:09.850" endtime="20230622 14:58:11.407"/>
</kw>
<msg timestamp="20230622 14:58:11.407" level="TRACE">Return: None</msg>
<status status="PASS" starttime="20230622 14:58:09.843" endtime="20230622 14:58:11.407"/>
</kw>
<msg timestamp="20230622 14:58:11.407" level="TRACE">Return: None</msg>
<msg timestamp="20230622 14:58:11.407" level="INFO">${returnValue} = None</msg>
<status status="PASS" starttime="20230622 14:58:09.831" endtime="20230622 14:58:11.407"/>
</kw>
<msg timestamp="20230622 14:58:11.407" level="TRACE">Return: None</msg>
<status status="PASS" starttime="20230622 14:58:09.829" endtime="20230622 14:58:11.407"/>
</kw>
<msg timestamp="20230622 14:58:11.407" level="TRACE">Return: None</msg>
<status status="PASS" starttime="20230622 14:58:09.829" endtime="20230622 14:58:11.407"/>
</kw>
<kw name="Go To" library="SeleniumLibrary">
<arg>${URL}</arg>
<doc>Navigates the current browser window to the provided ``url``.</doc>
<msg timestamp="20230622 14:58:11.408" level="TRACE">Arguments: [ 'https://thinking-tester-contact-list.herokuapp.com/' ]</msg>
<msg timestamp="20230622 14:58:11.408" level="INFO">Opening url 'https://thinking-tester-contact-list.herokuapp.com/'</msg>
<msg timestamp="20230622 14:58:11.408" level="DEBUG">POST http://localhost:61311/session/33fa39f2fe6c8cb7724d8e9df3bdfb6c/url {"url": "https://thinking-tester-contact-list.herokuapp.com/"}</msg>
<msg timestamp="20230622 14:58:12.020" level="DEBUG">http://localhost:61311 "POST /session/33fa39f2fe6c8cb7724d8e9df3bdfb6c/url HTTP/1.1" 200 14</msg>
<msg timestamp="20230622 14:58:12.021" level="DEBUG">Remote response: status=200 | data={"value":null} | headers=HTTPHeaderDict({'Content-Length': '14', 'Content-Type': 'application/json; charset=utf-8', 'cache-control': 'no-cache'})</msg>
<msg timestamp="20230622 14:58:12.021" level="DEBUG">Finished Request</msg>
<msg timestamp="20230622 14:58:12.021" level="TRACE">Return: None</msg>
<status status="PASS" starttime="20230622 14:58:11.407" endtime="20230622 14:58:12.021"/>
</kw>
<msg timestamp="20230622 14:58:12.021" level="TRACE">Return: None</msg>
<status status="PASS" starttime="20230622 14:58:09.828" endtime="20230622 14:58:12.021"/>
</kw>
<kw name="Inscription d'un nouvel utilisateur">
<arg>{'email_connect': '', 'password': '', 'country': ''}</arg>
<tag>TNR INS</tag>
<doc>Un nouveau utilisateur doit pouvoir s'inscrire sur le site</doc>
<msg timestamp="20230622 14:58:12.022" level="TRACE">Arguments: [ ${THE_DATA}={'country': '', 'email_connect': '', 'password': ''} ]</msg>
<kw name="Given un utilisateur inconnu veut s'inscrire en arrivant sur le site" library="gherkin">
<arg>${THE_DATA}</arg>
<tag>TNR INS</tag>
<doc>Un utilisateur souhaite s'inscrire sur le site</doc>
<msg timestamp="20230622 14:58:12.022" level="TRACE">Arguments: [ ${THE_DATA}={'country': '', 'email_connect': '', 'password': ''} ]</msg>
<kw name="Set Suite Variable" library="BuiltIn">
<arg>${THE_DATA}</arg>
<doc>Makes a variable available everywhere within the scope of the current suite.</doc>
<msg timestamp="20230622 14:58:12.023" level="TRACE">Arguments: [ '${THE_DATA}' ]</msg>
<msg timestamp="20230622 14:58:12.023" level="INFO">${THE_DATA} = {'email_connect': '', 'password': '', 'country': ''}</msg>
<msg timestamp="20230622 14:58:12.023" level="TRACE">Return: None</msg>
<status status="PASS" starttime="20230622 14:58:12.023" endtime="20230622 14:58:12.023"/>
</kw>
<kw name="Log To Console" library="BuiltIn">
<arg>${THE_DATA}</arg>
<doc>Logs the given message to the console.</doc>
<msg timestamp="20230622 14:58:12.023" level="TRACE">Arguments: [ {'country': '', 'email_connect': '', 'password': ''} ]</msg>
<msg timestamp="20230622 14:58:12.024" level="TRACE">Return: None</msg>
<status status="PASS" starttime="20230622 14:58:12.023" endtime="20230622 14:58:12.024"/>
</kw>
<kw name="Aller sur la page d'inscription" library="parcours">
<doc>parcours d'inscription d'un nouvel utilisateur</doc>
<msg timestamp="20230622 14:58:12.024" level="TRACE">Arguments: [  ]</msg>
<kw name="Je suis sur la page de connexion" library="pageConnexion">
<doc>L'utilisatuer est sur la page de connexion</doc>
<msg timestamp="20230622 14:58:12.024" level="TRACE">Arguments: [  ]</msg>
<kw name="Le Texte De L'Element Doit Avoir La Valeur Attendue" library="web">
<arg>xpath=html/body/h1</arg>
<arg>Contact List App</arg>
<doc>Compare le texte de l'élément avec la valeur attendue</doc>
<msg timestamp="20230622 14:58:12.025" level="TRACE">Arguments: [ ${myLocator}='xpath=html/body/h1' | ${targetValue}='Contact List App' ]</msg>
<kw name="Sur Mon Navigateur" library="web">
<arg>Le Texte De L'Element Doit Avoir La Valeur Attendue</arg>
<arg>${myLocator}</arg>
<arg>${targetValue}</arg>
<doc>Aiguillage en fonction de la variable Jenkins MY_DEVICE.</doc>
<msg timestamp="20230622 14:58:12.025" level="TRACE">Arguments: [ ${myKeyword}="Le Texte De L'Element Doit Avoir La Valeur Attendue" | @{myVarargs}=['xpath=html/body/h1', 'Contact List App'] ]</msg>
<kw name="Get Environment Variable" library="OperatingSystem">
<var>${theDevice}</var>
<arg>MY_DEVICE</arg>
<arg>default=PC</arg>
<doc>Returns the value of an environment variable with the given name.</doc>
<msg timestamp="20230622 14:58:12.026" level="TRACE">Arguments: [ 'MY_DEVICE' | default='PC' ]</msg>
<msg timestamp="20230622 14:58:12.026" level="TRACE">Return: 'PC'</msg>
<msg timestamp="20230622 14:58:12.026" level="INFO">${theDevice} = PC</msg>
<status status="PASS" starttime="20230622 14:58:12.025" endtime="20230622 14:58:12.026"/>
</kw>
<kw name="Run Keyword And Ignore Error" library="BuiltIn">
<var>${passed}</var>
<var>${libraryName}</var>
<arg>Get From Dictionary</arg>
<arg>${FBO_DEVICES}</arg>
<arg>${theDevice}libraryName</arg>
<doc>Runs the given keyword with the given arguments and ignores possible error.</doc>
<msg timestamp="20230622 14:58:12.026" level="TRACE">Arguments: [ 'Get From Dictionary' | '${FBO_DEVICES}' | '${theDevice}libraryName' ]</msg>
<kw name="Get From Dictionary" library="Collections">
<arg>${FBO_DEVICES}</arg>
<arg>${theDevice}libraryName</arg>
<doc>Returns a value from the given ``dictionary`` based on the given ``key``.</doc>
<msg timestamp="20230622 14:58:12.027" level="FAIL">Variable '${FBO_DEVICES}' not found.</msg>
<status status="FAIL" starttime="20230622 14:58:12.026" endtime="20230622 14:58:12.027"/>
</kw>
<msg timestamp="20230622 14:58:12.027" level="TRACE">Return: ('FAIL', "Variable '${FBO_DEVICES}' not found.")</msg>
<msg timestamp="20230622 14:58:12.028" level="INFO">${passed} = FAIL</msg>
<msg timestamp="20230622 14:58:12.028" level="INFO">${libraryName} = Variable '${FBO_DEVICES}' not found.</msg>
<status status="PASS" starttime="20230622 14:58:12.026" endtime="20230622 14:58:12.028"/>
</kw>
<kw name="Set Variable If" library="BuiltIn">
<var>${libraryName}</var>
<arg>'${passed}'=='PASS'</arg>
<arg>${libraryName}</arg>
<arg>selenium</arg>
<doc>Sets variable based on the given condition.</doc>
<msg timestamp="20230622 14:58:12.028" level="TRACE">Arguments: [ "'FAIL'=='PASS'" | '${libraryName}' | 'selenium' ]</msg>
<msg timestamp="20230622 14:58:12.029" level="TRACE">Return: 'selenium'</msg>
<msg timestamp="20230622 14:58:12.029" level="INFO">${libraryName} = selenium</msg>
<status status="PASS" starttime="20230622 14:58:12.028" endtime="20230622 14:58:12.029"/>
</kw>
<kw name="Run Keyword" library="BuiltIn">
<var>${returnValue}</var>
<arg>${libraryName}.${myKeyword}</arg>
<arg>@{myVarargs}</arg>
<doc>Executes the given keyword with the given arguments.</doc>
<msg timestamp="20230622 14:58:12.029" level="TRACE">Arguments: [ '${libraryName}.${myKeyword}' | '@{myVarargs}' ]</msg>
<kw name="Le Texte De L'Element Doit Avoir La Valeur Attendue" library="selenium">
<arg>@{myVarargs}</arg>
<doc>Compare le texte de l'élément avec la valeur attendue</doc>
<msg timestamp="20230622 14:58:12.043" level="TRACE">Arguments: [ ${myLocator}='xpath=html/body/h1' | ${targetValue}='Contact List App' ]</msg>
<kw name="Obtenir Le Texte De L'Element" library="selenium">
<var>${textValue}</var>
<arg>${myLocator}</arg>
<doc>Obtenir le texte de l'élément qui doit être visible.</doc>
<msg timestamp="20230622 14:58:12.043" level="TRACE">Arguments: [ ${myLocator}='xpath=html/body/h1' | ${myTimeout}='5s' | ${myError}='None' ]</msg>
<kw name="Confirmer Que La Page Est Prete" library="selenium">
<doc>Attendre que la page soit chargée.</doc>
<msg timestamp="20230622 14:58:12.043" level="TRACE">Arguments: [  ]</msg>
<kw name="Wait Until Keyword Succeeds" library="BuiltIn">
<arg>20s</arg>
<arg>1s</arg>
<arg>selenium.la page doit etre prete</arg>
<doc>Runs the specified keyword and retries if it fails.</doc>
<msg timestamp="20230622 14:58:12.043" level="TRACE">Arguments: [ '20s' | '1s' | 'selenium.la page doit etre prete' ]</msg>
<kw name="La Page Doit Etre Prete" library="selenium">
<doc>Verifier que la page est chargée.</doc>
<msg timestamp="20230622 14:58:12.044" level="TRACE">Arguments: [  ]</msg>
<kw name="Execute Javascript" library="SeleniumLibrary">
<var>${isReady}</var>
<arg>return document.readyState;</arg>
<doc>Executes the given JavaScript code with possible arguments.</doc>
<msg timestamp="20230622 14:58:12.044" level="TRACE">Arguments: [ 'return document.readyState;' ]</msg>
<msg timestamp="20230622 14:58:12.045" level="INFO">Executing JavaScript:
return document.readyState;
Without any arguments.</msg>
<msg timestamp="20230622 14:58:12.046" level="DEBUG">POST http://localhost:61311/session/33fa39f2fe6c8cb7724d8e9df3bdfb6c/execute/sync {"script": "return document.readyState;", "args": []}</msg>
<msg timestamp="20230622 14:58:12.051" level="DEBUG">http://localhost:61311 "POST /session/33fa39f2fe6c8cb7724d8e9df3bdfb6c/execute/sync HTTP/1.1" 200 20</msg>
<msg timestamp="20230622 14:58:12.052" level="DEBUG">Remote response: status=200 | data={"value":"complete"} | headers=HTTPHeaderDict({'Content-Length': '20', 'Content-Type': 'application/json; charset=utf-8', 'cache-control': 'no-cache'})</msg>
<msg timestamp="20230622 14:58:12.052" level="DEBUG">Finished Request</msg>
<msg timestamp="20230622 14:58:12.052" level="TRACE">Return: 'complete'</msg>
<msg timestamp="20230622 14:58:12.052" level="INFO">${isReady} = complete</msg>
<status status="PASS" starttime="20230622 14:58:12.044" endtime="20230622 14:58:12.052"/>
</kw>
<kw name="Should Be Equal As Strings" library="BuiltIn">
<arg>${isReady}</arg>
<arg>complete</arg>
<doc>Fails if objects are unequal after converting them to strings.</doc>
<msg timestamp="20230622 14:58:12.052" level="TRACE">Arguments: [ 'complete' | 'complete' ]</msg>
<msg timestamp="20230622 14:58:12.053" level="DEBUG">Argument types are:
&lt;class 'str'&gt;
&lt;class 'str'&gt;</msg>
<msg timestamp="20230622 14:58:12.053" level="TRACE">Return: None</msg>
<status status="PASS" starttime="20230622 14:58:12.052" endtime="20230622 14:58:12.053"/>
</kw>
<msg timestamp="20230622 14:58:12.053" level="TRACE">Return: None</msg>
<status status="PASS" starttime="20230622 14:58:12.043" endtime="20230622 14:58:12.053"/>
</kw>
<msg timestamp="20230622 14:58:12.053" level="TRACE">Return: None</msg>
<status status="PASS" starttime="20230622 14:58:12.043" endtime="20230622 14:58:12.053"/>
</kw>
<msg timestamp="20230622 14:58:12.053" level="TRACE">Return: None</msg>
<status status="PASS" starttime="20230622 14:58:12.043" endtime="20230622 14:58:12.053"/>
</kw>
<kw name="Wait Until Page Contains Element" library="SeleniumLibrary">
<arg>${myLocator}</arg>
<arg>${myTimeout}</arg>
<arg>${myError}</arg>
<doc>Waits until the element ``locator`` appears on the current page.</doc>
<msg timestamp="20230622 14:58:12.054" level="TRACE">Arguments: [ 'xpath=html/body/h1' | datetime.timedelta(seconds=5) | 'None' ]</msg>
<msg timestamp="20230622 14:58:12.054" level="DEBUG">POST http://localhost:61311/session/33fa39f2fe6c8cb7724d8e9df3bdfb6c/elements {"using": "xpath", "value": "html/body/h1"}</msg>
<msg timestamp="20230622 14:58:12.066" level="DEBUG">http://localhost:61311 "POST /session/33fa39f2fe6c8cb7724d8e9df3bdfb6c/elements HTTP/1.1" 200 96</msg>
<msg timestamp="20230622 14:58:12.067" level="DEBUG">Remote response: status=200 | data={"value":[{"element-6066-11e4-a52e-4f735466cecf":"2AA446FCD7CE163BD2144213890E4C1B_element_5"}]} | headers=HTTPHeaderDict({'Content-Length': '96', 'Content-Type': 'application/json; charset=utf-8', 'cache-control': 'no-cache'})</msg>
<msg timestamp="20230622 14:58:12.067" level="DEBUG">Finished Request</msg>
<msg timestamp="20230622 14:58:12.067" level="TRACE">Return: None</msg>
<status status="PASS" starttime="20230622 14:58:12.053" endtime="20230622 14:58:12.067"/>
</kw>
<kw name="Get Text" library="SeleniumLibrary">
<var>${cellValue}</var>
<arg>${myLocator}</arg>
<doc>Returns the text value of the element identified by ``locator``.</doc>
<msg timestamp="20230622 14:58:12.068" level="TRACE">Arguments: [ 'xpath=html/body/h1' ]</msg>
<msg timestamp="20230622 14:58:12.068" level="DEBUG">POST http://localhost:61311/session/33fa39f2fe6c8cb7724d8e9df3bdfb6c/elements {"using": "xpath", "value": "html/body/h1"}</msg>
<msg timestamp="20230622 14:58:12.073" level="DEBUG">http://localhost:61311 "POST /session/33fa39f2fe6c8cb7724d8e9df3bdfb6c/elements HTTP/1.1" 200 96</msg>
<msg timestamp="20230622 14:58:12.074" level="DEBUG">Remote response: status=200 | data={"value":[{"element-6066-11e4-a52e-4f735466cecf":"2AA446FCD7CE163BD2144213890E4C1B_element_5"}]} | headers=HTTPHeaderDict({'Content-Length': '96', 'Content-Type': 'application/json; charset=utf-8', 'cache-control': 'no-cache'})</msg>
<msg timestamp="20230622 14:58:12.074" level="DEBUG">Finished Request</msg>
<msg timestamp="20230622 14:58:12.074" level="DEBUG">GET http://localhost:61311/session/33fa39f2fe6c8cb7724d8e9df3bdfb6c/element/2AA446FCD7CE163BD2144213890E4C1B_element_5/text {"id": "2AA446FCD7CE163BD2144213890E4C1B_element_5"}</msg>
<msg timestamp="20230622 14:58:12.089" level="DEBUG">http://localhost:61311 "GET /session/33fa39f2fe6c8cb7724d8e9df3bdfb6c/element/2AA446FCD7CE163BD2144213890E4C1B_element_5/text HTTP/1.1" 200 28</msg>
<msg timestamp="20230622 14:58:12.090" level="DEBUG">Remote response: status=200 | data={"value":"Contact List App"} | headers=HTTPHeaderDict({'Content-Length': '28', 'Content-Type': 'application/json; charset=utf-8', 'cache-control': 'no-cache'})</msg>
<msg timestamp="20230622 14:58:12.090" level="DEBUG">Finished Request</msg>
<msg timestamp="20230622 14:58:12.090" level="TRACE">Return: 'Contact List App'</msg>
<msg timestamp="20230622 14:58:12.090" level="INFO">${cellValue} = Contact List App</msg>
<status status="PASS" starttime="20230622 14:58:12.067" endtime="20230622 14:58:12.090"/>
</kw>
<msg timestamp="20230622 14:58:12.090" level="TRACE">Return: 'Contact List App'</msg>
<msg timestamp="20230622 14:58:12.090" level="INFO">${textValue} = Contact List App</msg>
<status status="PASS" starttime="20230622 14:58:12.043" endtime="20230622 14:58:12.090"/>
</kw>
<kw name="Run Keyword If" library="BuiltIn">
<arg>"""${textValue}""" != """${targetValue}"""</arg>
<arg>FAIL</arg>
<arg>msg=Le texte a la valeur "${textValue}" alors que la valeur attendue était "${targetValue}"</arg>
<doc>Runs the given keyword with the given arguments, if ``condition`` is true.</doc>
<msg timestamp="20230622 14:58:12.090" level="TRACE">Arguments: [ '"""Contact List App""" != """Contact List App"""' | 'FAIL' | 'msg=Le texte a la valeur "${textValue}" alors que la valeur attendue était "${targetValue}"' ]</msg>
<msg timestamp="20230622 14:58:12.090" level="TRACE">Return: None</msg>
<status status="PASS" starttime="20230622 14:58:12.090" endtime="20230622 14:58:12.090"/>
</kw>
<msg timestamp="20230622 14:58:12.090" level="TRACE">Return: None</msg>
<status status="PASS" starttime="20230622 14:58:12.042" endtime="20230622 14:58:12.090"/>
</kw>
<msg timestamp="20230622 14:58:12.091" level="TRACE">Return: None</msg>
<msg timestamp="20230622 14:58:12.091" level="INFO">${returnValue} = None</msg>
<status status="PASS" starttime="20230622 14:58:12.029" endtime="20230622 14:58:12.091"/>
</kw>
<msg timestamp="20230622 14:58:12.091" level="TRACE">Return: None</msg>
<status status="PASS" starttime="20230622 14:58:12.025" endtime="20230622 14:58:12.091"/>
</kw>
<msg timestamp="20230622 14:58:12.091" level="TRACE">Return: None</msg>
<status status="PASS" starttime="20230622 14:58:12.025" endtime="20230622 14:58:12.091"/>
</kw>
<kw name="Log" library="BuiltIn">
<arg>La page de connexion est bien Visible</arg>
<doc>Logs the given message with the given level.</doc>
<msg timestamp="20230622 14:58:12.091" level="TRACE">Arguments: [ 'La page de connexion est bien Visible' ]</msg>
<msg timestamp="20230622 14:58:12.091" level="INFO">La page de connexion est bien Visible</msg>
<msg timestamp="20230622 14:58:12.091" level="TRACE">Return: None</msg>
<status status="PASS" starttime="20230622 14:58:12.091" endtime="20230622 14:58:12.091"/>
</kw>
<msg timestamp="20230622 14:58:12.091" level="TRACE">Return: None</msg>
<status status="PASS" starttime="20230622 14:58:12.024" endtime="20230622 14:58:12.091"/>
</kw>
<kw name="Cliquer sur le bouton d'inscription" library="pageConnexion">
<doc>L'utilisateur clique sur le bouton de connexion</doc>
<msg timestamp="20230622 14:58:12.092" level="TRACE">Arguments: [  ]</msg>
<kw name="Cliquer Sur Element Visible" library="web">
<arg>xpath=//*[@id="signup"]</arg>
<doc>Cliquer sur un élément visible sur la page.</doc>
<msg timestamp="20230622 14:58:12.092" level="TRACE">Arguments: [ ${myLocator}='xpath=//*[@id="signup"]' | ${myTimeout}='30s' ]</msg>
<kw name="Temps De Reaction Utilisateur" library="web">
<doc>Simuler le temps de réaction d'un utilisateur humain (entre 0,5s et 1s)</doc>
<msg timestamp="20230622 14:58:12.092" level="TRACE">Arguments: [  ]</msg>
<kw name="Evaluate" library="BuiltIn">
<var>${radomWait}</var>
<arg>random.uniform(0.5,1)</arg>
<arg>modules=random</arg>
<doc>Evaluates the given expression in Python and returns the result.</doc>
<msg timestamp="20230622 14:58:12.092" level="TRACE">Arguments: [ 'random.uniform(0.5,1)' | modules='random' ]</msg>
<msg timestamp="20230622 14:58:12.092" level="TRACE">Return: 0.8643497610164608</msg>
<msg timestamp="20230622 14:58:12.092" level="INFO">${radomWait} = 0.8643497610164608</msg>
<status status="PASS" starttime="20230622 14:58:12.092" endtime="20230622 14:58:12.093"/>
</kw>
<kw name="Sleep" library="BuiltIn">
<arg>${radomWait}</arg>
<doc>Pauses the test executed for the given time.</doc>
<msg timestamp="20230622 14:58:12.093" level="TRACE">Arguments: [ 0.8643497610164608 ]</msg>
<msg timestamp="20230622 14:58:12.963" level="INFO">Slept 864 milliseconds</msg>
<msg timestamp="20230622 14:58:12.963" level="TRACE">Return: None</msg>
<status status="PASS" starttime="20230622 14:58:12.093" endtime="20230622 14:58:12.963"/>
</kw>
<msg timestamp="20230622 14:58:12.963" level="TRACE">Return: None</msg>
<status status="PASS" starttime="20230622 14:58:12.092" endtime="20230622 14:58:12.963"/>
</kw>
<kw name="Sur Mon Navigateur" library="web">
<arg>Cliquer Sur Element Visible</arg>
<arg>${myLocator}</arg>
<arg>${myTimeout}</arg>
<doc>Aiguillage en fonction de la variable Jenkins MY_DEVICE.</doc>
<msg timestamp="20230622 14:58:12.964" level="TRACE">Arguments: [ ${myKeyword}='Cliquer Sur Element Visible' | @{myVarargs}=['xpath=//*[@id="signup"]', '30s'] ]</msg>
<kw name="Get Environment Variable" library="OperatingSystem">
<var>${theDevice}</var>
<arg>MY_DEVICE</arg>
<arg>default=PC</arg>
<doc>Returns the value of an environment variable with the given name.</doc>
<msg timestamp="20230622 14:58:12.964" level="TRACE">Arguments: [ 'MY_DEVICE' | default='PC' ]</msg>
<msg timestamp="20230622 14:58:12.965" level="TRACE">Return: 'PC'</msg>
<msg timestamp="20230622 14:58:12.965" level="INFO">${theDevice} = PC</msg>
<status status="PASS" starttime="20230622 14:58:12.964" endtime="20230622 14:58:12.965"/>
</kw>
<kw name="Run Keyword And Ignore Error" library="BuiltIn">
<var>${passed}</var>
<var>${libraryName}</var>
<arg>Get From Dictionary</arg>
<arg>${FBO_DEVICES}</arg>
<arg>${theDevice}libraryName</arg>
<doc>Runs the given keyword with the given arguments and ignores possible error.</doc>
<msg timestamp="20230622 14:58:12.965" level="TRACE">Arguments: [ 'Get From Dictionary' | '${FBO_DEVICES}' | '${theDevice}libraryName' ]</msg>
<kw name="Get From Dictionary" library="Collections">
<arg>${FBO_DEVICES}</arg>
<arg>${theDevice}libraryName</arg>
<doc>Returns a value from the given ``dictionary`` based on the given ``key``.</doc>
<msg timestamp="20230622 14:58:12.966" level="FAIL">Variable '${FBO_DEVICES}' not found.</msg>
<status status="FAIL" starttime="20230622 14:58:12.965" endtime="20230622 14:58:12.966"/>
</kw>
<msg timestamp="20230622 14:58:12.966" level="TRACE">Return: ('FAIL', "Variable '${FBO_DEVICES}' not found.")</msg>
<msg timestamp="20230622 14:58:12.966" level="INFO">${passed} = FAIL</msg>
<msg timestamp="20230622 14:58:12.966" level="INFO">${libraryName} = Variable '${FBO_DEVICES}' not found.</msg>
<status status="PASS" starttime="20230622 14:58:12.965" endtime="20230622 14:58:12.966"/>
</kw>
<kw name="Set Variable If" library="BuiltIn">
<var>${libraryName}</var>
<arg>'${passed}'=='PASS'</arg>
<arg>${libraryName}</arg>
<arg>selenium</arg>
<doc>Sets variable based on the given condition.</doc>
<msg timestamp="20230622 14:58:12.966" level="TRACE">Arguments: [ "'FAIL'=='PASS'" | '${libraryName}' | 'selenium' ]</msg>
<msg timestamp="20230622 14:58:12.966" level="TRACE">Return: 'selenium'</msg>
<msg timestamp="20230622 14:58:12.966" level="INFO">${libraryName} = selenium</msg>
<status status="PASS" starttime="20230622 14:58:12.966" endtime="20230622 14:58:12.966"/>
</kw>
<kw name="Run Keyword" library="BuiltIn">
<var>${returnValue}</var>
<arg>${libraryName}.${myKeyword}</arg>
<arg>@{myVarargs}</arg>
<doc>Executes the given keyword with the given arguments.</doc>
<msg timestamp="20230622 14:58:12.966" level="TRACE">Arguments: [ '${libraryName}.${myKeyword}' | '@{myVarargs}' ]</msg>
<kw name="Cliquer Sur Element Visible" library="selenium">
<arg>@{myVarargs}</arg>
<doc>Cliquer sur un élément visible sur la page.</doc>
<msg timestamp="20230622 14:58:12.968" level="TRACE">Arguments: [ ${myLocator}='xpath=//*[@id="signup"]' | ${myTimeout}='30s' ]</msg>
<kw name="Confirmer Que La Page Est Prete" library="selenium">
<doc>Attendre que la page soit chargée.</doc>
<msg timestamp="20230622 14:58:12.968" level="TRACE">Arguments: [  ]</msg>
<kw name="Wait Until Keyword Succeeds" library="BuiltIn">
<arg>20s</arg>
<arg>1s</arg>
<arg>selenium.la page doit etre prete</arg>
<doc>Runs the specified keyword and retries if it fails.</doc>
<msg timestamp="20230622 14:58:12.968" level="TRACE">Arguments: [ '20s' | '1s' | 'selenium.la page doit etre prete' ]</msg>
<kw name="La Page Doit Etre Prete" library="selenium">
<doc>Verifier que la page est chargée.</doc>
<msg timestamp="20230622 14:58:12.968" level="TRACE">Arguments: [  ]</msg>
<kw name="Execute Javascript" library="SeleniumLibrary">
<var>${isReady}</var>
<arg>return document.readyState;</arg>
<doc>Executes the given JavaScript code with possible arguments.</doc>
<msg timestamp="20230622 14:58:12.968" level="TRACE">Arguments: [ 'return document.readyState;' ]</msg>
<msg timestamp="20230622 14:58:12.968" level="INFO">Executing JavaScript:
return document.readyState;
Without any arguments.</msg>
<msg timestamp="20230622 14:58:12.968" level="DEBUG">POST http://localhost:61311/session/33fa39f2fe6c8cb7724d8e9df3bdfb6c/execute/sync {"script": "return document.readyState;", "args": []}</msg>
<msg timestamp="20230622 14:58:12.981" level="DEBUG">http://localhost:61311 "POST /session/33fa39f2fe6c8cb7724d8e9df3bdfb6c/execute/sync HTTP/1.1" 200 20</msg>
<msg timestamp="20230622 14:58:12.982" level="DEBUG">Remote response: status=200 | data={"value":"complete"} | headers=HTTPHeaderDict({'Content-Length': '20', 'Content-Type': 'application/json; charset=utf-8', 'cache-control': 'no-cache'})</msg>
<msg timestamp="20230622 14:58:12.982" level="DEBUG">Finished Request</msg>
<msg timestamp="20230622 14:58:12.982" level="TRACE">Return: 'complete'</msg>
<msg timestamp="20230622 14:58:12.982" level="INFO">${isReady} = complete</msg>
<status status="PASS" starttime="20230622 14:58:12.968" endtime="20230622 14:58:12.982"/>
</kw>
<kw name="Should Be Equal As Strings" library="BuiltIn">
<arg>${isReady}</arg>
<arg>complete</arg>
<doc>Fails if objects are unequal after converting them to strings.</doc>
<msg timestamp="20230622 14:58:12.982" level="TRACE">Arguments: [ 'complete' | 'complete' ]</msg>
<msg timestamp="20230622 14:58:12.982" level="DEBUG">Argument types are:
&lt;class 'str'&gt;
&lt;class 'str'&gt;</msg>
<msg timestamp="20230622 14:58:12.982" level="TRACE">Return: None</msg>
<status status="PASS" starttime="20230622 14:58:12.982" endtime="20230622 14:58:12.982"/>
</kw>
<msg timestamp="20230622 14:58:12.982" level="TRACE">Return: None</msg>
<status status="PASS" starttime="20230622 14:58:12.968" endtime="20230622 14:58:12.982"/>
</kw>
<msg timestamp="20230622 14:58:12.982" level="TRACE">Return: None</msg>
<status status="PASS" starttime="20230622 14:58:12.968" endtime="20230622 14:58:12.982"/>
</kw>
<msg timestamp="20230622 14:58:12.982" level="TRACE">Return: None</msg>
<status status="PASS" starttime="20230622 14:58:12.968" endtime="20230622 14:58:12.982"/>
</kw>
<kw name="Wait Until Element Is Visible" library="SeleniumLibrary">
<arg>${myLocator}</arg>
<arg>${myTimeout}</arg>
<doc>Waits until the element ``locator`` is visible.</doc>
<msg timestamp="20230622 14:58:12.983" level="TRACE">Arguments: [ 'xpath=//*[@id="signup"]' | datetime.timedelta(seconds=30) ]</msg>
<msg timestamp="20230622 14:58:12.983" level="DEBUG">POST http://localhost:61311/session/33fa39f2fe6c8cb7724d8e9df3bdfb6c/elements {"using": "xpath", "value": "//*[@id=\"signup\"]"}</msg>
<msg timestamp="20230622 14:58:12.992" level="DEBUG">http://localhost:61311 "POST /session/33fa39f2fe6c8cb7724d8e9df3bdfb6c/elements HTTP/1.1" 200 96</msg>
<msg timestamp="20230622 14:58:12.992" level="DEBUG">Remote response: status=200 | data={"value":[{"element-6066-11e4-a52e-4f735466cecf":"2AA446FCD7CE163BD2144213890E4C1B_element_6"}]} | headers=HTTPHeaderDict({'Content-Length': '96', 'Content-Type': 'application/json; charset=utf-8', 'cache-control': 'no-cache'})</msg>
<msg timestamp="20230622 14:58:12.992" level="DEBUG">Finished Request</msg>
<msg timestamp="20230622 14:58:12.993" level="DEBUG">POST http://localhost:61311/session/33fa39f2fe6c8cb7724d8e9df3bdfb6c/execute/sync {"script": "/* isDisplayed */return (function(){return (function(){var k=this||self;function aa(a){return\"string\"==typeof a}function ba(a,b){a=a.split(\".\");var c=k;a[0]in c||\"undefined\"==typeof c.execScript||c.execScript(\"var \"+a[0]);for(var d;a.length&amp;&amp;(d=a.shift());)a.length||void 0===b?c[d]&amp;&amp;c[d]!==Object.prototype[d]?c=c[d]:c=c[d]={}:c[d]=b}\nfunction ca(a){var b=typeof a;if(\"object\"==b)if(a){if(a instanceof Array)return\"array\";if(a instanceof Object)return b;var c=Object.prototype.toString.call(a);if(\"[object Window]\"==c)return\"object\";if(\"[object Array]\"==c||\"number\"==typeof a.length&amp;&amp;\"undefined\"!=typeof a.splice&amp;&amp;\"undefined\"!=typeof a.propertyIsEnumerable&amp;&amp;!a.propertyIsEnumerable(\"splice\"))return\"array\";if(\"[object Function]\"==c||\"undefined\"!=typeof a.call&amp;&amp;\"undefined\"!=typeof a.propertyIsEnumerable&amp;&amp;!a.propertyIsEnumerable(\"call\"))return\"function\"}else return\"null\";\nelse if(\"function\"==b&amp;&amp;\"undefined\"==typeof a.call)return\"object\";return b}function da(a,b,c){return a.call.apply(a.bind,arguments)}function ea(a,b,c){if(!a)throw Error();if(2&lt;arguments.length){var d=Array.prototype.slice.call(arguments,2);return function(){var e=Array.prototype.slice.call(arguments);Array.prototype.unshift.apply(e,d);return a.apply(b,e)}}return function(){return a.apply(b,arguments)}}\nfunction fa(a,b,c){Function.prototype.bind&amp;&amp;-1!=Function.prototype.bind.toString().indexOf(\"native code\")?fa=da:fa=ea;return fa.apply(null,arguments)}function ha(a,b){var c=Array.prototype.slice.call(arguments,1);return function(){var d=c.slice();d.push.apply(d,arguments);return a.apply(this,d)}}function l(a,b){function c(){}c.prototype=b.prototype;a.prototype=new c;a.prototype.constructor=a};/*\n\n The MIT License\n\n Copyright (c) 2007 Cybozu Labs, Inc.\n Copyright (c) 2012 Google Inc.\n\n Permission is hereby granted, free of charge, to any person obtaining a copy\n of this software and associated documentation files (the \"Software\"), to\n deal in the Software without restriction, including without limitation the\n rights to use, copy, modify, merge, publish, distribute, sublicense, and/or\n sell copies of the Software, and to permit persons to whom the Software is\n furnished to do so, subject to the following conditions:\n\n The above copyright notice and this permission notice shall be included in\n all copies or substantial portions of the Software.\n\n THE SOFTWARE IS PROVIDED \"AS IS\", WITHOUT WARRANTY OF ANY KIND, EXPRESS OR\n IMPLIED, INCLUDING BUT NOT LIMITED TO THE WARRANTIES OF MERCHANTABILITY,\n FITNESS FOR A PARTICULAR PURPOSE AND NONINFRINGEMENT. IN NO EVENT SHALL THE\n AUTHORS OR COPYRIGHT HOLDERS BE LIABLE FOR ANY CLAIM, DAMAGES OR OTHER\n LIABILITY, WHETHER IN AN ACTION OF CONTRACT, TORT OR OTHERWISE, ARISING\n FROM, OUT OF OR IN CONNECTION WITH THE SOFTWARE OR THE USE OR OTHER DEALINGS\n IN THE SOFTWARE.\n*/\nfunction ia(a,b,c){this.a=a;this.b=b||1;this.f=c||1};var ja=Array.prototype.indexOf?function(a,b){return Array.prototype.indexOf.call(a,b,void 0)}:function(a,b){if(\"string\"===typeof a)return\"string\"!==typeof b||1!=b.length?-1:a.indexOf(b,0);for(var c=0;c&lt;a.length;c++)if(c in a&amp;&amp;a[c]===b)return c;return-1},n=Array.prototype.forEach?function(a,b){Array.prototype.forEach.call(a,b,void 0)}:function(a,b){for(var c=a.length,d=\"string\"===typeof a?a.split(\"\"):a,e=0;e&lt;c;e++)e in d&amp;&amp;b.call(void 0,d[e],e,a)},ka=Array.prototype.filter?function(a,b){return Array.prototype.filter.call(a,\nb,void 0)}:function(a,b){for(var c=a.length,d=[],e=0,f=\"string\"===typeof a?a.split(\"\"):a,g=0;g&lt;c;g++)if(g in f){var h=f[g];b.call(void 0,h,g,a)&amp;&amp;(d[e++]=h)}return d},la=Array.prototype.reduce?function(a,b,c){return Array.prototype.reduce.call(a,b,c)}:function(a,b,c){var d=c;n(a,function(e,f){d=b.call(void 0,d,e,f,a)});return d},ma=Array.prototype.some?function(a,b){return Array.prototype.some.call(a,b,void 0)}:function(a,b){for(var c=a.length,d=\"string\"===typeof a?a.split(\"\"):a,e=0;e&lt;c;e++)if(e in\nd&amp;&amp;b.call(void 0,d[e],e,a))return!0;return!1},na=Array.prototype.every?function(a,b){return Array.prototype.every.call(a,b,void 0)}:function(a,b){for(var c=a.length,d=\"string\"===typeof a?a.split(\"\"):a,e=0;e&lt;c;e++)if(e in d&amp;&amp;!b.call(void 0,d[e],e,a))return!1;return!0};function oa(a,b){a:{for(var c=a.length,d=\"string\"===typeof a?a.split(\"\"):a,e=0;e&lt;c;e++)if(e in d&amp;&amp;b.call(void 0,d[e],e,a)){b=e;break a}b=-1}return 0&gt;b?null:\"string\"===typeof a?a.charAt(b):a[b]}\nfunction pa(a){return Array.prototype.concat.apply([],arguments)}function qa(a,b,c){return 2&gt;=arguments.length?Array.prototype.slice.call(a,b):Array.prototype.slice.call(a,b,c)};var ra=String.prototype.trim?function(a){return a.trim()}:function(a){return/^[\\s\\xa0]*([\\s\\S]*?)[\\s\\xa0]*$/.exec(a)[1]};function sa(a,b){return a&lt;b?-1:a&gt;b?1:0};var t;a:{var ta=k.navigator;if(ta){var ua=ta.userAgent;if(ua){t=ua;break a}}t=\"\"}function u(a){return-1!=t.indexOf(a)};function va(){return u(\"Firefox\")||u(\"FxiOS\")}function wa(){return(u(\"Chrome\")||u(\"CriOS\"))&amp;&amp;!u(\"Edge\")};function xa(a){return String(a).replace(/\\-([a-z])/g,function(b,c){return c.toUpperCase()})};function ya(){return u(\"iPhone\")&amp;&amp;!u(\"iPod\")&amp;&amp;!u(\"iPad\")};function za(a,b){var c=Aa;return Object.prototype.hasOwnProperty.call(c,a)?c[a]:c[a]=b(a)};var Ba=u(\"Opera\"),v=u(\"Trident\")||u(\"MSIE\"),Ca=u(\"Edge\"),Da=u(\"Gecko\")&amp;&amp;!(-1!=t.toLowerCase().indexOf(\"webkit\")&amp;&amp;!u(\"Edge\"))&amp;&amp;!(u(\"Trident\")||u(\"MSIE\"))&amp;&amp;!u(\"Edge\"),Ea=-1!=t.toLowerCase().indexOf(\"webkit\")&amp;&amp;!u(\"Edge\");function Fa(){var a=k.document;return a?a.documentMode:void 0}var Ga;\na:{var Ha=\"\",Ia=function(){var a=t;if(Da)return/rv:([^\\);]+)(\\)|;)/.exec(a);if(Ca)return/Edge\\/([\\d\\.]+)/.exec(a);if(v)return/\\b(?:MSIE|rv)[: ]([^\\);]+)(\\)|;)/.exec(a);if(Ea)return/WebKit\\/(\\S+)/.exec(a);if(Ba)return/(?:Version)[ \\/]?(\\S+)/.exec(a)}();Ia&amp;&amp;(Ha=Ia?Ia[1]:\"\");if(v){var Ja=Fa();if(null!=Ja&amp;&amp;Ja&gt;parseFloat(Ha)){Ga=String(Ja);break a}}Ga=Ha}var Aa={};\nfunction Ka(a){return za(a,function(){for(var b=0,c=ra(String(Ga)).split(\".\"),d=ra(String(a)).split(\".\"),e=Math.max(c.length,d.length),f=0;0==b&amp;&amp;f&lt;e;f++){var g=c[f]||\"\",h=d[f]||\"\";do{g=/(\\d*)(\\D*)(.*)/.exec(g)||[\"\",\"\",\"\",\"\"];h=/(\\d*)(\\D*)(.*)/.exec(h)||[\"\",\"\",\"\",\"\"];if(0==g[0].length&amp;&amp;0==h[0].length)break;b=sa(0==g[1].length?0:parseInt(g[1],10),0==h[1].length?0:parseInt(h[1],10))||sa(0==g[2].length,0==h[2].length)||sa(g[2],h[2]);g=g[3];h=h[3]}while(0==b)}return 0&lt;=b})}var La;\nLa=k.document&amp;&amp;v?Fa():void 0;var x=v&amp;&amp;!(9&lt;=Number(La)),Ma=v&amp;&amp;!(8&lt;=Number(La));function Na(a,b,c,d){this.a=a;this.nodeName=c;this.nodeValue=d;this.nodeType=2;this.parentNode=this.ownerElement=b}function Oa(a,b){var c=Ma&amp;&amp;\"href\"==b.nodeName?a.getAttribute(b.nodeName,2):b.nodeValue;return new Na(b,a,b.nodeName,c)};function Pa(a){this.b=a;this.a=0}function Qa(a){a=a.match(Ra);for(var b=0;b&lt;a.length;b++)Sa.test(a[b])&amp;&amp;a.splice(b,1);return new Pa(a)}var Ra=/\\$?(?:(?![0-9-\\.])(?:\\*|[\\w-\\.]+):)?(?![0-9-\\.])(?:\\*|[\\w-\\.]+)|\\/\\/|\\.\\.|::|\\d+(?:\\.\\d*)?|\\.\\d+|\"[^\"]*\"|'[^']*'|[!&lt;&gt;]=|\\s+|./g,Sa=/^\\s/;function y(a,b){return a.b[a.a+(b||0)]}function z(a){return a.b[a.a++]}function Ta(a){return a.b.length&lt;=a.a};function Ua(a,b){this.x=void 0!==a?a:0;this.y=void 0!==b?b:0}Ua.prototype.ceil=function(){this.x=Math.ceil(this.x);this.y=Math.ceil(this.y);return this};Ua.prototype.floor=function(){this.x=Math.floor(this.x);this.y=Math.floor(this.y);return this};Ua.prototype.round=function(){this.x=Math.round(this.x);this.y=Math.round(this.y);return this};function Va(a,b){this.width=a;this.height=b}Va.prototype.aspectRatio=function(){return this.width/this.height};Va.prototype.ceil=function(){this.width=Math.ceil(this.width);this.height=Math.ceil(this.height);return this};Va.prototype.floor=function(){this.width=Math.floor(this.width);this.height=Math.floor(this.height);return this};Va.prototype.round=function(){this.width=Math.round(this.width);this.height=Math.round(this.height);return this};function Wa(a,b){if(!a||!b)return!1;if(a.contains&amp;&amp;1==b.nodeType)return a==b||a.contains(b);if(\"undefined\"!=typeof a.compareDocumentPosition)return a==b||!!(a.compareDocumentPosition(b)&amp;16);for(;b&amp;&amp;a!=b;)b=b.parentNode;return b==a}\nfunction Xa(a,b){if(a==b)return 0;if(a.compareDocumentPosition)return a.compareDocumentPosition(b)&amp;2?1:-1;if(v&amp;&amp;!(9&lt;=Number(La))){if(9==a.nodeType)return-1;if(9==b.nodeType)return 1}if(\"sourceIndex\"in a||a.parentNode&amp;&amp;\"sourceIndex\"in a.parentNode){var c=1==a.nodeType,d=1==b.nodeType;if(c&amp;&amp;d)return a.sourceIndex-b.sourceIndex;var e=a.parentNode,f=b.parentNode;return e==f?Ya(a,b):!c&amp;&amp;Wa(e,b)?-1*Za(a,b):!d&amp;&amp;Wa(f,a)?Za(b,a):(c?a.sourceIndex:e.sourceIndex)-(d?b.sourceIndex:f.sourceIndex)}d=A(a);c=d.createRange();\nc.selectNode(a);c.collapse(!0);a=d.createRange();a.selectNode(b);a.collapse(!0);return c.compareBoundaryPoints(k.Range.START_TO_END,a)}function Za(a,b){var c=a.parentNode;if(c==b)return-1;for(;b.parentNode!=c;)b=b.parentNode;return Ya(b,a)}function Ya(a,b){for(;b=b.previousSibling;)if(b==a)return-1;return 1}function A(a){return 9==a.nodeType?a:a.ownerDocument||a.document}function $a(a,b){a&amp;&amp;(a=a.parentNode);for(var c=0;a;){if(b(a))return a;a=a.parentNode;c++}return null}\nfunction ab(a){this.a=a||k.document||document}ab.prototype.getElementsByTagName=function(a,b){return(b||this.a).getElementsByTagName(String(a))};function B(a){var b=null,c=a.nodeType;1==c&amp;&amp;(b=a.textContent,b=void 0==b||null==b?a.innerText:b,b=void 0==b||null==b?\"\":b);if(\"string\"!=typeof b)if(x&amp;&amp;\"title\"==a.nodeName.toLowerCase()&amp;&amp;1==c)b=a.text;else if(9==c||1==c){a=9==c?a.documentElement:a.firstChild;c=0;var d=[];for(b=\"\";a;){do 1!=a.nodeType&amp;&amp;(b+=a.nodeValue),x&amp;&amp;\"title\"==a.nodeName.toLowerCase()&amp;&amp;(b+=a.text),d[c++]=a;while(a=a.firstChild);for(;c&amp;&amp;!(a=d[--c].nextSibling););}}else b=a.nodeValue;return b}\nfunction C(a,b,c){if(null===b)return!0;try{if(!a.getAttribute)return!1}catch(d){return!1}Ma&amp;&amp;\"class\"==b&amp;&amp;(b=\"className\");return null==c?!!a.getAttribute(b):a.getAttribute(b,2)==c}function bb(a,b,c,d,e){return(x?cb:db).call(null,a,b,aa(c)?c:null,aa(d)?d:null,e||new E)}\nfunction cb(a,b,c,d,e){if(a instanceof F||8==a.b||c&amp;&amp;null===a.b){var f=b.all;if(!f)return e;a=eb(a);if(\"*\"!=a&amp;&amp;(f=b.getElementsByTagName(a),!f))return e;if(c){for(var g=[],h=0;b=f[h++];)C(b,c,d)&amp;&amp;g.push(b);f=g}for(h=0;b=f[h++];)\"*\"==a&amp;&amp;\"!\"==b.tagName||e.add(b);return e}gb(a,b,c,d,e);return e}\nfunction db(a,b,c,d,e){b.getElementsByName&amp;&amp;d&amp;&amp;\"name\"==c&amp;&amp;!v?(b=b.getElementsByName(d),n(b,function(f){a.a(f)&amp;&amp;e.add(f)})):b.getElementsByClassName&amp;&amp;d&amp;&amp;\"class\"==c?(b=b.getElementsByClassName(d),n(b,function(f){f.className==d&amp;&amp;a.a(f)&amp;&amp;e.add(f)})):a instanceof G?gb(a,b,c,d,e):b.getElementsByTagName&amp;&amp;(b=b.getElementsByTagName(a.f()),n(b,function(f){C(f,c,d)&amp;&amp;e.add(f)}));return e}\nfunction hb(a,b,c,d,e){var f;if((a instanceof F||8==a.b||c&amp;&amp;null===a.b)&amp;&amp;(f=b.childNodes)){var g=eb(a);if(\"*\"!=g&amp;&amp;(f=ka(f,function(h){return h.tagName&amp;&amp;h.tagName.toLowerCase()==g}),!f))return e;c&amp;&amp;(f=ka(f,function(h){return C(h,c,d)}));n(f,function(h){\"*\"==g&amp;&amp;(\"!\"==h.tagName||\"*\"==g&amp;&amp;1!=h.nodeType)||e.add(h)});return e}return ib(a,b,c,d,e)}function ib(a,b,c,d,e){for(b=b.firstChild;b;b=b.nextSibling)C(b,c,d)&amp;&amp;a.a(b)&amp;&amp;e.add(b);return e}\nfunction gb(a,b,c,d,e){for(b=b.firstChild;b;b=b.nextSibling)C(b,c,d)&amp;&amp;a.a(b)&amp;&amp;e.add(b),gb(a,b,c,d,e)}function eb(a){if(a instanceof G){if(8==a.b)return\"!\";if(null===a.b)return\"*\"}return a.f()};function E(){this.b=this.a=null;this.l=0}function jb(a){this.f=a;this.a=this.b=null}function kb(a,b){if(!a.a)return b;if(!b.a)return a;var c=a.a;b=b.a;for(var d=null,e,f=0;c&amp;&amp;b;){e=c.f;var g=b.f;e==g||e instanceof Na&amp;&amp;g instanceof Na&amp;&amp;e.a==g.a?(e=c,c=c.a,b=b.a):0&lt;Xa(c.f,b.f)?(e=b,b=b.a):(e=c,c=c.a);(e.b=d)?d.a=e:a.a=e;d=e;f++}for(e=c||b;e;)e.b=d,d=d.a=e,f++,e=e.a;a.b=d;a.l=f;return a}function lb(a,b){b=new jb(b);b.a=a.a;a.b?a.a.b=b:a.a=a.b=b;a.a=b;a.l++}\nE.prototype.add=function(a){a=new jb(a);a.b=this.b;this.a?this.b.a=a:this.a=this.b=a;this.b=a;this.l++};function mb(a){return(a=a.a)?a.f:null}function nb(a){return(a=mb(a))?B(a):\"\"}function H(a,b){return new ob(a,!!b)}function ob(a,b){this.f=a;this.b=(this.s=b)?a.b:a.a;this.a=null}function I(a){var b=a.b;if(null==b)return null;var c=a.a=b;a.b=a.s?b.b:b.a;return c.f};function J(a){this.i=a;this.b=this.g=!1;this.f=null}function K(a){return\"\\n  \"+a.toString().split(\"\\n\").join(\"\\n  \")}function pb(a,b){a.g=b}function qb(a,b){a.b=b}function N(a,b){a=a.a(b);return a instanceof E?+nb(a):+a}function O(a,b){a=a.a(b);return a instanceof E?nb(a):\"\"+a}function rb(a,b){a=a.a(b);return a instanceof E?!!a.l:!!a};function sb(a,b,c){J.call(this,a.i);this.c=a;this.h=b;this.o=c;this.g=b.g||c.g;this.b=b.b||c.b;this.c==tb&amp;&amp;(c.b||c.g||4==c.i||0==c.i||!b.f?b.b||b.g||4==b.i||0==b.i||!c.f||(this.f={name:c.f.name,u:b}):this.f={name:b.f.name,u:c})}l(sb,J);\nfunction ub(a,b,c,d,e){b=b.a(d);c=c.a(d);var f;if(b instanceof E&amp;&amp;c instanceof E){b=H(b);for(d=I(b);d;d=I(b))for(e=H(c),f=I(e);f;f=I(e))if(a(B(d),B(f)))return!0;return!1}if(b instanceof E||c instanceof E){b instanceof E?(e=b,d=c):(e=c,d=b);f=H(e);for(var g=typeof d,h=I(f);h;h=I(f)){switch(g){case \"number\":h=+B(h);break;case \"boolean\":h=!!B(h);break;case \"string\":h=B(h);break;default:throw Error(\"Illegal primitive type for comparison.\");}if(e==b&amp;&amp;a(h,d)||e==c&amp;&amp;a(d,h))return!0}return!1}return e?\"boolean\"==\ntypeof b||\"boolean\"==typeof c?a(!!b,!!c):\"number\"==typeof b||\"number\"==typeof c?a(+b,+c):a(b,c):a(+b,+c)}sb.prototype.a=function(a){return this.c.m(this.h,this.o,a)};sb.prototype.toString=function(){var a=\"Binary Expression: \"+this.c;a+=K(this.h);return a+=K(this.o)};function vb(a,b,c,d){this.I=a;this.D=b;this.i=c;this.m=d}vb.prototype.toString=function(){return this.I};var wb={};\nfunction P(a,b,c,d){if(wb.hasOwnProperty(a))throw Error(\"Binary operator already created: \"+a);a=new vb(a,b,c,d);return wb[a.toString()]=a}P(\"div\",6,1,function(a,b,c){return N(a,c)/N(b,c)});P(\"mod\",6,1,function(a,b,c){return N(a,c)%N(b,c)});P(\"*\",6,1,function(a,b,c){return N(a,c)*N(b,c)});P(\"+\",5,1,function(a,b,c){return N(a,c)+N(b,c)});P(\"-\",5,1,function(a,b,c){return N(a,c)-N(b,c)});P(\"&lt;\",4,2,function(a,b,c){return ub(function(d,e){return d&lt;e},a,b,c)});\nP(\"&gt;\",4,2,function(a,b,c){return ub(function(d,e){return d&gt;e},a,b,c)});P(\"&lt;=\",4,2,function(a,b,c){return ub(function(d,e){return d&lt;=e},a,b,c)});P(\"&gt;=\",4,2,function(a,b,c){return ub(function(d,e){return d&gt;=e},a,b,c)});var tb=P(\"=\",3,2,function(a,b,c){return ub(function(d,e){return d==e},a,b,c,!0)});P(\"!=\",3,2,function(a,b,c){return ub(function(d,e){return d!=e},a,b,c,!0)});P(\"and\",2,2,function(a,b,c){return rb(a,c)&amp;&amp;rb(b,c)});P(\"or\",1,2,function(a,b,c){return rb(a,c)||rb(b,c)});function xb(a,b){if(b.a.length&amp;&amp;4!=a.i)throw Error(\"Primary expression must evaluate to nodeset if filter has predicate(s).\");J.call(this,a.i);this.c=a;this.h=b;this.g=a.g;this.b=a.b}l(xb,J);xb.prototype.a=function(a){a=this.c.a(a);return yb(this.h,a)};xb.prototype.toString=function(){var a=\"Filter:\"+K(this.c);return a+=K(this.h)};function zb(a,b){if(b.length&lt;a.C)throw Error(\"Function \"+a.j+\" expects at least\"+a.C+\" arguments, \"+b.length+\" given\");if(null!==a.B&amp;&amp;b.length&gt;a.B)throw Error(\"Function \"+a.j+\" expects at most \"+a.B+\" arguments, \"+b.length+\" given\");a.H&amp;&amp;n(b,function(c,d){if(4!=c.i)throw Error(\"Argument \"+d+\" to function \"+a.j+\" is not of type Nodeset: \"+c);});J.call(this,a.i);this.v=a;this.c=b;pb(this,a.g||ma(b,function(c){return c.g}));qb(this,a.G&amp;&amp;!b.length||a.F&amp;&amp;!!b.length||ma(b,function(c){return c.b}))}\nl(zb,J);zb.prototype.a=function(a){return this.v.m.apply(null,pa(a,this.c))};zb.prototype.toString=function(){var a=\"Function: \"+this.v;if(this.c.length){var b=la(this.c,function(c,d){return c+K(d)},\"Arguments:\");a+=K(b)}return a};function Ab(a,b,c,d,e,f,g,h){this.j=a;this.i=b;this.g=c;this.G=d;this.F=!1;this.m=e;this.C=f;this.B=void 0!==g?g:f;this.H=!!h}Ab.prototype.toString=function(){return this.j};var Bb={};\nfunction Q(a,b,c,d,e,f,g,h){if(Bb.hasOwnProperty(a))throw Error(\"Function already created: \"+a+\".\");Bb[a]=new Ab(a,b,c,d,e,f,g,h)}Q(\"boolean\",2,!1,!1,function(a,b){return rb(b,a)},1);Q(\"ceiling\",1,!1,!1,function(a,b){return Math.ceil(N(b,a))},1);Q(\"concat\",3,!1,!1,function(a,b){return la(qa(arguments,1),function(c,d){return c+O(d,a)},\"\")},2,null);Q(\"contains\",2,!1,!1,function(a,b,c){b=O(b,a);a=O(c,a);return-1!=b.indexOf(a)},2);Q(\"count\",1,!1,!1,function(a,b){return b.a(a).l},1,1,!0);\nQ(\"false\",2,!1,!1,function(){return!1},0);Q(\"floor\",1,!1,!1,function(a,b){return Math.floor(N(b,a))},1);Q(\"id\",4,!1,!1,function(a,b){function c(h){if(x){var m=e.all[h];if(m){if(m.nodeType&amp;&amp;h==m.id)return m;if(m.length)return oa(m,function(w){return h==w.id})}return null}return e.getElementById(h)}var d=a.a,e=9==d.nodeType?d:d.ownerDocument;a=O(b,a).split(/\\s+/);var f=[];n(a,function(h){h=c(h);!h||0&lt;=ja(f,h)||f.push(h)});f.sort(Xa);var g=new E;n(f,function(h){g.add(h)});return g},1);\nQ(\"lang\",2,!1,!1,function(){return!1},1);Q(\"last\",1,!0,!1,function(a){if(1!=arguments.length)throw Error(\"Function last expects ()\");return a.f},0);Q(\"local-name\",3,!1,!0,function(a,b){return(a=b?mb(b.a(a)):a.a)?a.localName||a.nodeName.toLowerCase():\"\"},0,1,!0);Q(\"name\",3,!1,!0,function(a,b){return(a=b?mb(b.a(a)):a.a)?a.nodeName.toLowerCase():\"\"},0,1,!0);Q(\"namespace-uri\",3,!0,!1,function(){return\"\"},0,1,!0);\nQ(\"normalize-space\",3,!1,!0,function(a,b){return(b?O(b,a):B(a.a)).replace(/[\\s\\xa0]+/g,\" \").replace(/^\\s+|\\s+$/g,\"\")},0,1);Q(\"not\",2,!1,!1,function(a,b){return!rb(b,a)},1);Q(\"number\",1,!1,!0,function(a,b){return b?N(b,a):+B(a.a)},0,1);Q(\"position\",1,!0,!1,function(a){return a.b},0);Q(\"round\",1,!1,!1,function(a,b){return Math.round(N(b,a))},1);Q(\"starts-with\",2,!1,!1,function(a,b,c){b=O(b,a);a=O(c,a);return 0==b.lastIndexOf(a,0)},2);Q(\"string\",3,!1,!0,function(a,b){return b?O(b,a):B(a.a)},0,1);\nQ(\"string-length\",1,!1,!0,function(a,b){return(b?O(b,a):B(a.a)).length},0,1);Q(\"substring\",3,!1,!1,function(a,b,c,d){c=N(c,a);if(isNaN(c)||Infinity==c||-Infinity==c)return\"\";d=d?N(d,a):Infinity;if(isNaN(d)||-Infinity===d)return\"\";c=Math.round(c)-1;var e=Math.max(c,0);a=O(b,a);return Infinity==d?a.substring(e):a.substring(e,c+Math.round(d))},2,3);Q(\"substring-after\",3,!1,!1,function(a,b,c){b=O(b,a);a=O(c,a);c=b.indexOf(a);return-1==c?\"\":b.substring(c+a.length)},2);\nQ(\"substring-before\",3,!1,!1,function(a,b,c){b=O(b,a);a=O(c,a);a=b.indexOf(a);return-1==a?\"\":b.substring(0,a)},2);Q(\"sum\",1,!1,!1,function(a,b){a=H(b.a(a));b=0;for(var c=I(a);c;c=I(a))b+=+B(c);return b},1,1,!0);Q(\"translate\",3,!1,!1,function(a,b,c,d){b=O(b,a);c=O(c,a);var e=O(d,a);a={};for(d=0;d&lt;c.length;d++){var f=c.charAt(d);f in a||(a[f]=e.charAt(d))}c=\"\";for(d=0;d&lt;b.length;d++)f=b.charAt(d),c+=f in a?a[f]:f;return c},3);Q(\"true\",2,!1,!1,function(){return!0},0);function G(a,b){this.h=a;this.c=void 0!==b?b:null;this.b=null;switch(a){case \"comment\":this.b=8;break;case \"text\":this.b=3;break;case \"processing-instruction\":this.b=7;break;case \"node\":break;default:throw Error(\"Unexpected argument\");}}function Cb(a){return\"comment\"==a||\"text\"==a||\"processing-instruction\"==a||\"node\"==a}G.prototype.a=function(a){return null===this.b||this.b==a.nodeType};G.prototype.f=function(){return this.h};\nG.prototype.toString=function(){var a=\"Kind Test: \"+this.h;null===this.c||(a+=K(this.c));return a};function Db(a){J.call(this,3);this.c=a.substring(1,a.length-1)}l(Db,J);Db.prototype.a=function(){return this.c};Db.prototype.toString=function(){return\"Literal: \"+this.c};function F(a,b){this.j=a.toLowerCase();a=\"*\"==this.j?\"*\":\"http://www.w3.org/1999/xhtml\";this.c=b?b.toLowerCase():a}F.prototype.a=function(a){var b=a.nodeType;if(1!=b&amp;&amp;2!=b)return!1;b=void 0!==a.localName?a.localName:a.nodeName;return\"*\"!=this.j&amp;&amp;this.j!=b.toLowerCase()?!1:\"*\"==this.c?!0:this.c==(a.namespaceURI?a.namespaceURI.toLowerCase():\"http://www.w3.org/1999/xhtml\")};F.prototype.f=function(){return this.j};\nF.prototype.toString=function(){return\"Name Test: \"+(\"http://www.w3.org/1999/xhtml\"==this.c?\"\":this.c+\":\")+this.j};function Eb(a){J.call(this,1);this.c=a}l(Eb,J);Eb.prototype.a=function(){return this.c};Eb.prototype.toString=function(){return\"Number: \"+this.c};function Fb(a,b){J.call(this,a.i);this.h=a;this.c=b;this.g=a.g;this.b=a.b;1==this.c.length&amp;&amp;(a=this.c[0],a.A||a.c!=Gb||(a=a.o,\"*\"!=a.f()&amp;&amp;(this.f={name:a.f(),u:null})))}l(Fb,J);function Hb(){J.call(this,4)}l(Hb,J);Hb.prototype.a=function(a){var b=new E;a=a.a;9==a.nodeType?b.add(a):b.add(a.ownerDocument);return b};Hb.prototype.toString=function(){return\"Root Helper Expression\"};function Ib(){J.call(this,4)}l(Ib,J);Ib.prototype.a=function(a){var b=new E;b.add(a.a);return b};Ib.prototype.toString=function(){return\"Context Helper Expression\"};\nfunction Jb(a){return\"/\"==a||\"//\"==a}Fb.prototype.a=function(a){var b=this.h.a(a);if(!(b instanceof E))throw Error(\"Filter expression must evaluate to nodeset.\");a=this.c;for(var c=0,d=a.length;c&lt;d&amp;&amp;b.l;c++){var e=a[c],f=H(b,e.c.s);if(e.g||e.c!=Kb)if(e.g||e.c!=Lb){var g=I(f);for(b=e.a(new ia(g));null!=(g=I(f));)g=e.a(new ia(g)),b=kb(b,g)}else g=I(f),b=e.a(new ia(g));else{for(g=I(f);(b=I(f))&amp;&amp;(!g.contains||g.contains(b))&amp;&amp;b.compareDocumentPosition(g)&amp;8;g=b);b=e.a(new ia(g))}}return b};\nFb.prototype.toString=function(){var a=\"Path Expression:\"+K(this.h);if(this.c.length){var b=la(this.c,function(c,d){return c+K(d)},\"Steps:\");a+=K(b)}return a};function Mb(a,b){this.a=a;this.s=!!b}\nfunction yb(a,b,c){for(c=c||0;c&lt;a.a.length;c++)for(var d=a.a[c],e=H(b),f=b.l,g,h=0;g=I(e);h++){var m=a.s?f-h:h+1;g=d.a(new ia(g,m,f));if(\"number\"==typeof g)m=m==g;else if(\"string\"==typeof g||\"boolean\"==typeof g)m=!!g;else if(g instanceof E)m=0&lt;g.l;else throw Error(\"Predicate.evaluate returned an unexpected type.\");if(!m){m=e;g=m.f;var w=m.a;if(!w)throw Error(\"Next must be called at least once before remove.\");var r=w.b;w=w.a;r?r.a=w:g.a=w;w?w.b=r:g.b=r;g.l--;m.a=null}}return b}\nMb.prototype.toString=function(){return la(this.a,function(a,b){return a+K(b)},\"Predicates:\")};function R(a,b,c,d){J.call(this,4);this.c=a;this.o=b;this.h=c||new Mb([]);this.A=!!d;b=this.h;b=0&lt;b.a.length?b.a[0].f:null;a.J&amp;&amp;b&amp;&amp;(a=b.name,a=x?a.toLowerCase():a,this.f={name:a,u:b.u});a:{a=this.h;for(b=0;b&lt;a.a.length;b++)if(c=a.a[b],c.g||1==c.i||0==c.i){a=!0;break a}a=!1}this.g=a}l(R,J);\nR.prototype.a=function(a){var b=a.a,c=this.f,d=null,e=null,f=0;c&amp;&amp;(d=c.name,e=c.u?O(c.u,a):null,f=1);if(this.A)if(this.g||this.c!=Nb)if(b=H((new R(Ob,new G(\"node\"))).a(a)),c=I(b))for(a=this.m(c,d,e,f);null!=(c=I(b));)a=kb(a,this.m(c,d,e,f));else a=new E;else a=bb(this.o,b,d,e),a=yb(this.h,a,f);else a=this.m(a.a,d,e,f);return a};R.prototype.m=function(a,b,c,d){a=this.c.v(this.o,a,b,c);return a=yb(this.h,a,d)};\nR.prototype.toString=function(){var a=\"Step:\"+K(\"Operator: \"+(this.A?\"//\":\"/\"));this.c.j&amp;&amp;(a+=K(\"Axis: \"+this.c));a+=K(this.o);if(this.h.a.length){var b=la(this.h.a,function(c,d){return c+K(d)},\"Predicates:\");a+=K(b)}return a};function Pb(a,b,c,d){this.j=a;this.v=b;this.s=c;this.J=d}Pb.prototype.toString=function(){return this.j};var Qb={};function S(a,b,c,d){if(Qb.hasOwnProperty(a))throw Error(\"Axis already created: \"+a);b=new Pb(a,b,c,!!d);return Qb[a]=b}\nS(\"ancestor\",function(a,b){for(var c=new E;b=b.parentNode;)a.a(b)&amp;&amp;lb(c,b);return c},!0);S(\"ancestor-or-self\",function(a,b){var c=new E;do a.a(b)&amp;&amp;lb(c,b);while(b=b.parentNode);return c},!0);\nvar Gb=S(\"attribute\",function(a,b){var c=new E,d=a.f();if(\"style\"==d&amp;&amp;x&amp;&amp;b.style)return c.add(new Na(b.style,b,\"style\",b.style.cssText)),c;var e=b.attributes;if(e)if(a instanceof G&amp;&amp;null===a.b||\"*\"==d)for(a=0;d=e[a];a++)x?d.nodeValue&amp;&amp;c.add(Oa(b,d)):c.add(d);else(d=e.getNamedItem(d))&amp;&amp;(x?d.nodeValue&amp;&amp;c.add(Oa(b,d)):c.add(d));return c},!1),Nb=S(\"child\",function(a,b,c,d,e){return(x?hb:ib).call(null,a,b,aa(c)?c:null,aa(d)?d:null,e||new E)},!1,!0);S(\"descendant\",bb,!1,!0);\nvar Ob=S(\"descendant-or-self\",function(a,b,c,d){var e=new E;C(b,c,d)&amp;&amp;a.a(b)&amp;&amp;e.add(b);return bb(a,b,c,d,e)},!1,!0),Kb=S(\"following\",function(a,b,c,d){var e=new E;do for(var f=b;f=f.nextSibling;)C(f,c,d)&amp;&amp;a.a(f)&amp;&amp;e.add(f),e=bb(a,f,c,d,e);while(b=b.parentNode);return e},!1,!0);S(\"following-sibling\",function(a,b){for(var c=new E;b=b.nextSibling;)a.a(b)&amp;&amp;c.add(b);return c},!1);S(\"namespace\",function(){return new E},!1);\nvar Rb=S(\"parent\",function(a,b){var c=new E;if(9==b.nodeType)return c;if(2==b.nodeType)return c.add(b.ownerElement),c;b=b.parentNode;a.a(b)&amp;&amp;c.add(b);return c},!1),Lb=S(\"preceding\",function(a,b,c,d){var e=new E,f=[];do f.unshift(b);while(b=b.parentNode);for(var g=1,h=f.length;g&lt;h;g++){var m=[];for(b=f[g];b=b.previousSibling;)m.unshift(b);for(var w=0,r=m.length;w&lt;r;w++)b=m[w],C(b,c,d)&amp;&amp;a.a(b)&amp;&amp;e.add(b),e=bb(a,b,c,d,e)}return e},!0,!0);\nS(\"preceding-sibling\",function(a,b){for(var c=new E;b=b.previousSibling;)a.a(b)&amp;&amp;lb(c,b);return c},!0);var Sb=S(\"self\",function(a,b){var c=new E;a.a(b)&amp;&amp;c.add(b);return c},!1);function Tb(a){J.call(this,1);this.c=a;this.g=a.g;this.b=a.b}l(Tb,J);Tb.prototype.a=function(a){return-N(this.c,a)};Tb.prototype.toString=function(){return\"Unary Expression: -\"+K(this.c)};function Ub(a){J.call(this,4);this.c=a;pb(this,ma(this.c,function(b){return b.g}));qb(this,ma(this.c,function(b){return b.b}))}l(Ub,J);Ub.prototype.a=function(a){var b=new E;n(this.c,function(c){c=c.a(a);if(!(c instanceof E))throw Error(\"Path expression must evaluate to NodeSet.\");b=kb(b,c)});return b};Ub.prototype.toString=function(){return la(this.c,function(a,b){return a+K(b)},\"Union Expression:\")};function Vb(a,b){this.a=a;this.b=b}function Yb(a){for(var b,c=[];;){T(a,\"Missing right hand side of binary expression.\");b=Zb(a);var d=z(a.a);if(!d)break;var e=(d=wb[d]||null)&amp;&amp;d.D;if(!e){a.a.a--;break}for(;c.length&amp;&amp;e&lt;=c[c.length-1].D;)b=new sb(c.pop(),c.pop(),b);c.push(b,d)}for(;c.length;)b=new sb(c.pop(),c.pop(),b);return b}function T(a,b){if(Ta(a.a))throw Error(b);}function $b(a,b){a=z(a.a);if(a!=b)throw Error(\"Bad token, expected: \"+b+\" got: \"+a);}\nfunction ac(a){a=z(a.a);if(\")\"!=a)throw Error(\"Bad token: \"+a);}function bc(a){a=z(a.a);if(2&gt;a.length)throw Error(\"Unclosed literal string\");return new Db(a)}\nfunction cc(a){var b=[];if(Jb(y(a.a))){var c=z(a.a);var d=y(a.a);if(\"/\"==c&amp;&amp;(Ta(a.a)||\".\"!=d&amp;&amp;\"..\"!=d&amp;&amp;\"@\"!=d&amp;&amp;\"*\"!=d&amp;&amp;!/(?![0-9])[\\w]/.test(d)))return new Hb;d=new Hb;T(a,\"Missing next location step.\");c=dc(a,c);b.push(c)}else{a:{c=y(a.a);d=c.charAt(0);switch(d){case \"$\":throw Error(\"Variable reference not allowed in HTML XPath\");case \"(\":z(a.a);c=Yb(a);T(a,'unclosed \"(\"');$b(a,\")\");break;case '\"':case \"'\":c=bc(a);break;default:if(isNaN(+c))if(!Cb(c)&amp;&amp;/(?![0-9])[\\w]/.test(d)&amp;&amp;\"(\"==y(a.a,1)){c=z(a.a);\nc=Bb[c]||null;z(a.a);for(d=[];\")\"!=y(a.a);){T(a,\"Missing function argument list.\");d.push(Yb(a));if(\",\"!=y(a.a))break;z(a.a)}T(a,\"Unclosed function argument list.\");ac(a);c=new zb(c,d)}else{c=null;break a}else c=new Eb(+z(a.a))}\"[\"==y(a.a)&amp;&amp;(d=new Mb(ec(a)),c=new xb(c,d))}if(c)if(Jb(y(a.a)))d=c;else return c;else c=dc(a,\"/\"),d=new Ib,b.push(c)}for(;Jb(y(a.a));)c=z(a.a),T(a,\"Missing next location step.\"),c=dc(a,c),b.push(c);return new Fb(d,b)}\nfunction dc(a,b){if(\"/\"!=b&amp;&amp;\"//\"!=b)throw Error('Step op should be \"/\" or \"//\"');if(\".\"==y(a.a)){var c=new R(Sb,new G(\"node\"));z(a.a);return c}if(\"..\"==y(a.a))return c=new R(Rb,new G(\"node\")),z(a.a),c;if(\"@\"==y(a.a)){var d=Gb;z(a.a);T(a,\"Missing attribute name\")}else if(\"::\"==y(a.a,1)){if(!/(?![0-9])[\\w]/.test(y(a.a).charAt(0)))throw Error(\"Bad token: \"+z(a.a));var e=z(a.a);d=Qb[e]||null;if(!d)throw Error(\"No axis with name: \"+e);z(a.a);T(a,\"Missing node name\")}else d=Nb;e=y(a.a);if(/(?![0-9])[\\w\\*]/.test(e.charAt(0)))if(\"(\"==\ny(a.a,1)){if(!Cb(e))throw Error(\"Invalid node type: \"+e);e=z(a.a);if(!Cb(e))throw Error(\"Invalid type name: \"+e);$b(a,\"(\");T(a,\"Bad nodetype\");var f=y(a.a).charAt(0),g=null;if('\"'==f||\"'\"==f)g=bc(a);T(a,\"Bad nodetype\");ac(a);e=new G(e,g)}else if(e=z(a.a),f=e.indexOf(\":\"),-1==f)e=new F(e);else{g=e.substring(0,f);if(\"*\"==g)var h=\"*\";else if(h=a.b(g),!h)throw Error(\"Namespace prefix not declared: \"+g);e=e.substr(f+1);e=new F(e,h)}else throw Error(\"Bad token: \"+z(a.a));a=new Mb(ec(a),d.s);return c||new R(d,\ne,a,\"//\"==b)}function ec(a){for(var b=[];\"[\"==y(a.a);){z(a.a);T(a,\"Missing predicate expression.\");var c=Yb(a);b.push(c);T(a,\"Unclosed predicate expression.\");$b(a,\"]\")}return b}function Zb(a){if(\"-\"==y(a.a))return z(a.a),new Tb(Zb(a));var b=cc(a);if(\"|\"!=y(a.a))a=b;else{for(b=[b];\"|\"==z(a.a);)T(a,\"Missing next union location path.\"),b.push(cc(a));a.a.a--;a=new Ub(b)}return a};function fc(a){switch(a.nodeType){case 1:return ha(gc,a);case 9:return fc(a.documentElement);case 11:case 10:case 6:case 12:return hc;default:return a.parentNode?fc(a.parentNode):hc}}function hc(){return null}function gc(a,b){if(a.prefix==b)return a.namespaceURI||\"http://www.w3.org/1999/xhtml\";var c=a.getAttributeNode(\"xmlns:\"+b);return c&amp;&amp;c.specified?c.value||null:a.parentNode&amp;&amp;9!=a.parentNode.nodeType?gc(a.parentNode,b):null};function ic(a,b){if(!a.length)throw Error(\"Empty XPath expression.\");a=Qa(a);if(Ta(a))throw Error(\"Invalid XPath expression.\");b?\"function\"==ca(b)||(b=fa(b.lookupNamespaceURI,b)):b=function(){return null};var c=Yb(new Vb(a,b));if(!Ta(a))throw Error(\"Bad token: \"+z(a));this.evaluate=function(d,e){d=c.a(new ia(d));return new U(d,e)}}\nfunction U(a,b){if(0==b)if(a instanceof E)b=4;else if(\"string\"==typeof a)b=2;else if(\"number\"==typeof a)b=1;else if(\"boolean\"==typeof a)b=3;else throw Error(\"Unexpected evaluation result.\");if(2!=b&amp;&amp;1!=b&amp;&amp;3!=b&amp;&amp;!(a instanceof E))throw Error(\"value could not be converted to the specified type\");this.resultType=b;switch(b){case 2:this.stringValue=a instanceof E?nb(a):\"\"+a;break;case 1:this.numberValue=a instanceof E?+nb(a):+a;break;case 3:this.booleanValue=a instanceof E?0&lt;a.l:!!a;break;case 4:case 5:case 6:case 7:var c=\nH(a);var d=[];for(var e=I(c);e;e=I(c))d.push(e instanceof Na?e.a:e);this.snapshotLength=a.l;this.invalidIteratorState=!1;break;case 8:case 9:a=mb(a);this.singleNodeValue=a instanceof 
[...]
V[25]=\"unable to set cookie\";V[26]=\"unexpected alert open\";V[13]=sc;V[9]=\"unknown command\";var tc=va(),uc=ya()||u(\"iPod\"),vc=u(\"iPad\"),wc=u(\"Android\")&amp;&amp;!(wa()||va()||u(\"Opera\")||u(\"Silk\")),xc=wa(),yc=u(\"Safari\")&amp;&amp;!(wa()||u(\"Coast\")||u(\"Opera\")||u(\"Edge\")||u(\"Edg/\")||u(\"OPR\")||va()||u(\"Silk\")||u(\"Android\"))&amp;&amp;!(ya()||u(\"iPad\")||u(\"iPod\"));function zc(a){return(a=a.exec(t))?a[1]:\"\"}(function(){if(tc)return zc(/Firefox\\/([0-9.]+)/);if(v||Ca||Ba)return Ga;if(xc)return ya()||u(\"iPad\")||u(\"iPod\")?zc(/CriOS\\/([0-9.]+)/):zc(/Chrome\\/([0-9.]+)/);if(yc&amp;&amp;!(ya()||u(\"iPad\")||u(\"iPod\")))return zc(/Version\\/([0-9.]+)/);if(uc||vc){var a=/Version\\/(\\S+).*Mobile\\/(\\S+)/.exec(t);if(a)return a[1]+\".\"+a[2]}else if(wc)return(a=zc(/Android\\s+([0-9.]+)/))?a:zc(/Version\\/([0-9.]+)/);return\"\"})();var Ac=v&amp;&amp;!(9&lt;=Number(La));function W(a,b){b&amp;&amp;\"string\"!==typeof b&amp;&amp;(b=b.toString());return!!a&amp;&amp;1==a.nodeType&amp;&amp;(!b||a.tagName.toUpperCase()==b)};var Bc=function(){var a={K:\"http://www.w3.org/2000/svg\"};return function(b){return a[b]||null}}();\nfunction Cc(a,b){var c=A(a);if(!c.documentElement)return null;(v||wc)&amp;&amp;kc(c?c.parentWindow||c.defaultView:window);try{var d=c.createNSResolver?c.createNSResolver(c.documentElement):Bc;if(v&amp;&amp;!Ka(7))return c.evaluate.call(c,b,a,d,9,null);if(!v||9&lt;=Number(La)){for(var e={},f=c.getElementsByTagName(\"*\"),g=0;g&lt;f.length;++g){var h=f[g],m=h.namespaceURI;if(m&amp;&amp;!e[m]){var w=h.lookupPrefix(m);if(!w){var r=m.match(\".*/(\\\\w+)/?$\");w=r?r[1]:\"xhtml\"}e[m]=w}}var D={},L;for(L in e)D[e[L]]=L;d=function(M){return D[M]||\nnull}}try{return c.evaluate(b,a,d,9,null)}catch(M){if(\"TypeError\"===M.name)return d=c.createNSResolver?c.createNSResolver(c.documentElement):Bc,c.evaluate(b,a,d,9,null);throw M;}}catch(M){if(!Da||\"NS_ERROR_ILLEGAL_VALUE\"!=M.name)throw new rc(32,\"Unable to locate an element with the xpath expression \"+b+\" because of the following error:\\n\"+M);}}\nfunction Dc(a,b){var c=function(){var d=Cc(b,a);return d?d.singleNodeValue||null:b.selectSingleNode?(d=A(b),d.setProperty&amp;&amp;d.setProperty(\"SelectionLanguage\",\"XPath\"),b.selectSingleNode(a)):null}();if(null!==c&amp;&amp;(!c||1!=c.nodeType))throw new rc(32,'The result of the xpath expression \"'+a+'\" is: '+c+\". It should be an element.\");return c};function Ec(a,b,c,d){this.c=a;this.a=b;this.b=c;this.f=d}Ec.prototype.ceil=function(){this.c=Math.ceil(this.c);this.a=Math.ceil(this.a);this.b=Math.ceil(this.b);this.f=Math.ceil(this.f);return this};Ec.prototype.floor=function(){this.c=Math.floor(this.c);this.a=Math.floor(this.a);this.b=Math.floor(this.b);this.f=Math.floor(this.f);return this};Ec.prototype.round=function(){this.c=Math.round(this.c);this.a=Math.round(this.a);this.b=Math.round(this.b);this.f=Math.round(this.f);return this};function X(a,b,c,d){this.a=a;this.b=b;this.width=c;this.height=d}X.prototype.ceil=function(){this.a=Math.ceil(this.a);this.b=Math.ceil(this.b);this.width=Math.ceil(this.width);this.height=Math.ceil(this.height);return this};X.prototype.floor=function(){this.a=Math.floor(this.a);this.b=Math.floor(this.b);this.width=Math.floor(this.width);this.height=Math.floor(this.height);return this};\nX.prototype.round=function(){this.a=Math.round(this.a);this.b=Math.round(this.b);this.width=Math.round(this.width);this.height=Math.round(this.height);return this};var Fc=\"function\"===typeof ShadowRoot;function Gc(a){for(a=a.parentNode;a&amp;&amp;1!=a.nodeType&amp;&amp;9!=a.nodeType&amp;&amp;11!=a.nodeType;)a=a.parentNode;return W(a)?a:null}\nfunction Y(a,b){b=xa(b);if(\"float\"==b||\"cssFloat\"==b||\"styleFloat\"==b)b=Ac?\"styleFloat\":\"cssFloat\";a:{var c=b;var d=A(a);if(d.defaultView&amp;&amp;d.defaultView.getComputedStyle&amp;&amp;(d=d.defaultView.getComputedStyle(a,null))){c=d[c]||d.getPropertyValue(c)||\"\";break a}c=\"\"}a=c||Hc(a,b);if(null===a)a=null;else if(0&lt;=ja(mc,b)){b:{var e=a.match(pc);if(e&amp;&amp;(b=Number(e[1]),c=Number(e[2]),d=Number(e[3]),e=Number(e[4]),0&lt;=b&amp;&amp;255&gt;=b&amp;&amp;0&lt;=c&amp;&amp;255&gt;=c&amp;&amp;0&lt;=d&amp;&amp;255&gt;=d&amp;&amp;0&lt;=e&amp;&amp;1&gt;=e)){b=[b,c,d,e];break b}b=null}if(!b)b:{if(d=a.match(qc))if(b=\nNumber(d[1]),c=Number(d[2]),d=Number(d[3]),0&lt;=b&amp;&amp;255&gt;=b&amp;&amp;0&lt;=c&amp;&amp;255&gt;=c&amp;&amp;0&lt;=d&amp;&amp;255&gt;=d){b=[b,c,d,1];break b}b=null}if(!b)b:{b=a.toLowerCase();c=lc[b.toLowerCase()];if(!c&amp;&amp;(c=\"#\"==b.charAt(0)?b:\"#\"+b,4==c.length&amp;&amp;(c=c.replace(nc,\"#$1$1$2$2$3$3\")),!oc.test(c))){b=null;break b}b=[parseInt(c.substr(1,2),16),parseInt(c.substr(3,2),16),parseInt(c.substr(5,2),16),1]}a=b?\"rgba(\"+b.join(\", \")+\")\":a}return a}\nfunction Hc(a,b){var c=a.currentStyle||a.style,d=c[b];void 0===d&amp;&amp;\"function\"==ca(c.getPropertyValue)&amp;&amp;(d=c.getPropertyValue(b));return\"inherit\"!=d?void 0!==d?d:null:(a=Gc(a))?Hc(a,b):null}\nfunction Ic(a,b,c){function d(g){var h=Jc(g);return 0&lt;h.height&amp;&amp;0&lt;h.width?!0:W(g,\"PATH\")&amp;&amp;(0&lt;h.height||0&lt;h.width)?(g=Y(g,\"stroke-width\"),!!g&amp;&amp;0&lt;parseInt(g,10)):\"hidden\"!=Y(g,\"overflow\")&amp;&amp;ma(g.childNodes,function(m){return 3==m.nodeType||W(m)&amp;&amp;d(m)})}function e(g){return Kc(g)==Z&amp;&amp;na(g.childNodes,function(h){return!W(h)||e(h)||!d(h)})}if(!W(a))throw Error(\"Argument to isShown must be of type Element\");if(W(a,\"BODY\"))return!0;if(W(a,\"OPTION\")||W(a,\"OPTGROUP\"))return a=$a(a,function(g){return W(g,\"SELECT\")}),\n!!a&amp;&amp;Ic(a,!0,c);var f=Lc(a);if(f)return!!f.image&amp;&amp;0&lt;f.rect.width&amp;&amp;0&lt;f.rect.height&amp;&amp;Ic(f.image,b,c);if(W(a,\"INPUT\")&amp;&amp;\"hidden\"==a.type.toLowerCase()||W(a,\"NOSCRIPT\"))return!1;f=Y(a,\"visibility\");return\"collapse\"!=f&amp;&amp;\"hidden\"!=f&amp;&amp;c(a)&amp;&amp;(b||0!=Mc(a))&amp;&amp;d(a)?!e(a):!1}var Z=\"hidden\";\nfunction Kc(a){function b(p){function q(fb){if(fb==g)return!0;var Wb=Y(fb,\"display\");return 0==Wb.lastIndexOf(\"inline\",0)||\"contents\"==Wb||\"absolute\"==Xb&amp;&amp;\"static\"==Y(fb,\"position\")?!1:!0}var Xb=Y(p,\"position\");if(\"fixed\"==Xb)return w=!0,p==g?null:g;for(p=Gc(p);p&amp;&amp;!q(p);)p=Gc(p);return p}function c(p){var q=p;if(\"visible\"==m)if(p==g&amp;&amp;h)q=h;else if(p==h)return{x:\"visible\",y:\"visible\"};q={x:Y(q,\"overflow-x\"),y:Y(q,\"overflow-y\")};p==g&amp;&amp;(q.x=\"visible\"==q.x?\"auto\":q.x,q.y=\"visible\"==q.y?\"auto\":q.y);return q}\nfunction d(p){if(p==g){var q=(new ab(f)).a;p=q.scrollingElement?q.scrollingElement:Ea||\"CSS1Compat\"!=q.compatMode?q.body||q.documentElement:q.documentElement;q=q.parentWindow||q.defaultView;p=v&amp;&amp;Ka(\"10\")&amp;&amp;q.pageYOffset!=p.scrollTop?new Ua(p.scrollLeft,p.scrollTop):new Ua(q.pageXOffset||p.scrollLeft,q.pageYOffset||p.scrollTop)}else p=new Ua(p.scrollLeft,p.scrollTop);return p}var e=Nc(a),f=A(a),g=f.documentElement,h=f.body,m=Y(g,\"overflow\"),w;for(a=b(a);a;a=b(a)){var r=c(a);if(\"visible\"!=r.x||\"visible\"!=\nr.y){var D=Jc(a);if(0==D.width||0==D.height)return Z;var L=e.a&lt;D.a,M=e.b&lt;D.b;if(L&amp;&amp;\"hidden\"==r.x||M&amp;&amp;\"hidden\"==r.y)return Z;if(L&amp;&amp;\"visible\"!=r.x||M&amp;&amp;\"visible\"!=r.y){L=d(a);M=e.b&lt;D.b-L.y;if(e.a&lt;D.a-L.x&amp;&amp;\"visible\"!=r.x||M&amp;&amp;\"visible\"!=r.x)return Z;e=Kc(a);return e==Z?Z:\"scroll\"}L=e.f&gt;=D.a+D.width;D=e.c&gt;=D.b+D.height;if(L&amp;&amp;\"hidden\"==r.x||D&amp;&amp;\"hidden\"==r.y)return Z;if(L&amp;&amp;\"visible\"!=r.x||D&amp;&amp;\"visible\"!=r.y){if(w&amp;&amp;(r=d(a),e.f&gt;=g.scrollWidth-r.x||e.a&gt;=g.scrollHeight-r.y))return Z;e=Kc(a);return e==Z?Z:\"scroll\"}}}return\"none\"}\nfunction Jc(a){var b=Lc(a);if(b)return b.rect;if(W(a,\"HTML\"))return a=A(a),a=((a?a.parentWindow||a.defaultView:window)||window).document,a=\"CSS1Compat\"==a.compatMode?a.documentElement:a.body,a=new Va(a.clientWidth,a.clientHeight),new X(0,0,a.width,a.height);try{var c=a.getBoundingClientRect()}catch(d){return new X(0,0,0,0)}b=new X(c.left,c.top,c.right-c.left,c.bottom-c.top);v&amp;&amp;a.ownerDocument.body&amp;&amp;(a=A(a),b.a-=a.documentElement.clientLeft+a.body.clientLeft,b.b-=a.documentElement.clientTop+a.body.clientTop);\nreturn b}function Lc(a){var b=W(a,\"MAP\");if(!b&amp;&amp;!W(a,\"AREA\"))return null;var c=b?a:W(a.parentNode,\"MAP\")?a.parentNode:null,d=null,e=null;c&amp;&amp;c.name&amp;&amp;(d=Dc('/descendant::*[@usemap = \"#'+c.name+'\"]',A(c)))&amp;&amp;(e=Jc(d),b||\"default\"==a.shape.toLowerCase()||(a=Oc(a),b=Math.min(Math.max(a.a,0),e.width),c=Math.min(Math.max(a.b,0),e.height),e=new X(b+e.a,c+e.b,Math.min(a.width,e.width-b),Math.min(a.height,e.height-c))));return{image:d,rect:e||new X(0,0,0,0)}}\nfunction Oc(a){var b=a.shape.toLowerCase();a=a.coords.split(\",\");if(\"rect\"==b&amp;&amp;4==a.length){b=a[0];var c=a[1];return new X(b,c,a[2]-b,a[3]-c)}if(\"circle\"==b&amp;&amp;3==a.length)return b=a[2],new X(a[0]-b,a[1]-b,2*b,2*b);if(\"poly\"==b&amp;&amp;2&lt;a.length){b=a[0];c=a[1];for(var d=b,e=c,f=2;f+1&lt;a.length;f+=2)b=Math.min(b,a[f]),d=Math.max(d,a[f]),c=Math.min(c,a[f+1]),e=Math.max(e,a[f+1]);return new X(b,c,d-b,e-c)}return new X(0,0,0,0)}function Nc(a){a=Jc(a);return new Ec(a.b,a.a+a.width,a.b+a.height,a.a)}\nfunction Mc(a){if(Ac){if(\"relative\"==Y(a,\"position\"))return 1;a=Y(a,\"filter\");return(a=a.match(/^alpha\\(opacity=(\\d*)\\)/)||a.match(/^progid:DXImageTransform.Microsoft.Alpha\\(Opacity=(\\d*)\\)/))?Number(a[1])/100:1}return Pc(a)}function Pc(a){var b=1,c=Y(a,\"opacity\");c&amp;&amp;(b=Number(c));(a=Gc(a))&amp;&amp;(b*=Pc(a));return b};ba(\"_\",function(a,b){function c(d){if(W(d)&amp;&amp;\"none\"==Y(d,\"display\"))return!1;var e;if((e=d.parentNode)&amp;&amp;e.shadowRoot&amp;&amp;void 0!==d.assignedSlot)e=d.assignedSlot?d.assignedSlot.parentNode:null;else if(d.getDestinationInsertionPoints){var f=d.getDestinationInsertionPoints();0&lt;f.length&amp;&amp;(e=f[f.length-1])}if(Fc&amp;&amp;e instanceof ShadowRoot){if(e.host.shadowRoot!==e)return!1;e=e.host}return!e||9!=e.nodeType&amp;&amp;11!=e.nodeType?e&amp;&amp;W(e,\"DETAILS\")&amp;&amp;!e.open&amp;&amp;!W(d,\"SUMMARY\")?!1:!!e&amp;&amp;c(e):!0}return Ic(a,!!b,c)});; return this._.apply(null,arguments);}).apply({navigator:typeof window!='undefined'?window.navigator:null,document:typeof window!='undefined'?window.document:null}, arguments);}\n).apply(null, arguments);", "args": [{"element-6066-11e4-a52e-4f735466cecf": "33FD2884555658A49EE9A317672451F1_element_20"}]}</msg>
<msg timestamp="20230622 14:58:18.113" level="DEBUG">http://localhost:61311 "POST /session/33fa39f2fe6c8cb7724d8e9df3bdfb6c/execute/sync HTTP/1.1" 200 14</msg>
<msg timestamp="20230622 14:58:18.113" level="DEBUG">Remote response: status=200 | data={"value":true} | headers=HTTPHeaderDict({'Content-Length': '14', 'Content-Type': 'application/json; charset=utf-8', 'cache-control': 'no-cache'})</msg>
<msg timestamp="20230622 14:58:18.114" level="DEBUG">Finished Request</msg>
<msg timestamp="20230622 14:58:18.114" level="TRACE">Return: None</msg>
<status status="PASS" starttime="20230622 14:58:18.092" endtime="20230622 14:58:18.114"/>
</kw>
<msg timestamp="20230622 14:58:18.114" level="TRACE">Return: None</msg>
<status status="PASS" starttime="20230622 14:58:17.782" endtime="20230622 14:58:18.114"/>
</kw>
<msg timestamp="20230622 14:58:18.114" level="TRACE">Return: None</msg>
<msg timestamp="20230622 14:58:18.114" level="INFO">${returnValue} = None</msg>
<status status="PASS" starttime="20230622 14:58:17.772" endtime="20230622 14:58:18.114"/>
</kw>
<msg timestamp="20230622 14:58:18.114" level="TRACE">Return: None</msg>
<status status="PASS" starttime="20230622 14:58:17.770" endtime="20230622 14:58:18.114"/>
</kw>
<msg timestamp="20230622 14:58:18.114" level="TRACE">Return: None</msg>
<status status="PASS" starttime="20230622 14:58:17.769" endtime="20230622 14:58:18.114"/>
</kw>
<msg timestamp="20230622 14:58:18.114" level="TRACE">Return: None</msg>
<status status="PASS" starttime="20230622 14:58:17.769" endtime="20230622 14:58:18.114"/>
</kw>
<msg timestamp="20230622 14:58:18.114" level="TRACE">Return: None</msg>
<status status="PASS" starttime="20230622 14:58:17.769" endtime="20230622 14:58:18.114"/>
</kw>
<msg timestamp="20230622 14:58:18.114" level="TRACE">Return: None</msg>
<status status="PASS" starttime="20230622 14:58:17.768" endtime="20230622 14:58:18.114"/>
</kw>
<msg timestamp="20230622 14:58:18.114" level="TRACE">Return: None</msg>
<status status="PASS" starttime="20230622 14:58:12.022" endtime="20230622 14:58:18.114"/>
</kw>
<kw name="Fermer Tous Les Navigateurs" library="web" type="TEARDOWN">
<doc>Fermer tous les navigateurs ouverts.</doc>
<msg timestamp="20230622 14:58:18.115" level="TRACE">Arguments: [  ]</msg>
<kw name="Sur Mon Navigateur" library="web">
<arg>Fermer Tous Les Navigateurs</arg>
<doc>Aiguillage en fonction de la variable Jenkins MY_DEVICE.</doc>
<msg timestamp="20230622 14:58:18.116" level="TRACE">Arguments: [ ${myKeyword}='Fermer Tous Les Navigateurs' | @{myVarargs}=[] ]</msg>
<kw name="Get Environment Variable" library="OperatingSystem">
<var>${theDevice}</var>
<arg>MY_DEVICE</arg>
<arg>default=PC</arg>
<doc>Returns the value of an environment variable with the given name.</doc>
<msg timestamp="20230622 14:58:18.116" level="TRACE">Arguments: [ 'MY_DEVICE' | default='PC' ]</msg>
<msg timestamp="20230622 14:58:18.116" level="TRACE">Return: 'PC'</msg>
<msg timestamp="20230622 14:58:18.116" level="INFO">${theDevice} = PC</msg>
<status status="PASS" starttime="20230622 14:58:18.116" endtime="20230622 14:58:18.116"/>
</kw>
<kw name="Run Keyword And Ignore Error" library="BuiltIn">
<var>${passed}</var>
<var>${libraryName}</var>
<arg>Get From Dictionary</arg>
<arg>${FBO_DEVICES}</arg>
<arg>${theDevice}libraryName</arg>
<doc>Runs the given keyword with the given arguments and ignores possible error.</doc>
<msg timestamp="20230622 14:58:18.116" level="TRACE">Arguments: [ 'Get From Dictionary' | '${FBO_DEVICES}' | '${theDevice}libraryName' ]</msg>
<kw name="Get From Dictionary" library="Collections">
<arg>${FBO_DEVICES}</arg>
<arg>${theDevice}libraryName</arg>
<doc>Returns a value from the given ``dictionary`` based on the given ``key``.</doc>
<msg timestamp="20230622 14:58:18.117" level="TRACE">Return: None</msg>
<msg timestamp="20230622 14:58:18.117" level="FAIL">Variable '${FBO_DEVICES}' not found.</msg>
<status status="FAIL" starttime="20230622 14:58:18.116" endtime="20230622 14:58:18.117"/>
</kw>
<msg timestamp="20230622 14:58:18.117" level="TRACE">Return: ('FAIL', "Variable '${FBO_DEVICES}' not found.")</msg>
<msg timestamp="20230622 14:58:18.118" level="INFO">${passed} = FAIL</msg>
<msg timestamp="20230622 14:58:18.118" level="INFO">${libraryName} = Variable '${FBO_DEVICES}' not found.</msg>
<status status="PASS" starttime="20230622 14:58:18.116" endtime="20230622 14:58:18.118"/>
</kw>
<kw name="Set Variable If" library="BuiltIn">
<var>${libraryName}</var>
<arg>'${passed}'=='PASS'</arg>
<arg>${libraryName}</arg>
<arg>selenium</arg>
<doc>Sets variable based on the given condition.</doc>
<msg timestamp="20230622 14:58:18.118" level="TRACE">Arguments: [ "'FAIL'=='PASS'" | '${libraryName}' | 'selenium' ]</msg>
<msg timestamp="20230622 14:58:18.118" level="TRACE">Return: 'selenium'</msg>
<msg timestamp="20230622 14:58:18.118" level="INFO">${libraryName} = selenium</msg>
<status status="PASS" starttime="20230622 14:58:18.118" endtime="20230622 14:58:18.118"/>
</kw>
<kw name="Run Keyword" library="BuiltIn">
<var>${returnValue}</var>
<arg>${libraryName}.${myKeyword}</arg>
<arg>@{myVarargs}</arg>
<doc>Executes the given keyword with the given arguments.</doc>
<msg timestamp="20230622 14:58:18.118" level="TRACE">Arguments: [ '${libraryName}.${myKeyword}' | '@{myVarargs}' ]</msg>
<kw name="Fermer Tous Les Navigateurs" library="selenium">
<arg>@{myVarargs}</arg>
<doc>Fermer tous les navigateurs ouverts.</doc>
<msg timestamp="20230622 14:58:18.130" level="TRACE">Arguments: [  ]</msg>
<kw name="Get Browser Ids" library="SeleniumLibrary">
<var>${browsers}</var>
<doc>Returns index of all active browser as list.</doc>
<msg timestamp="20230622 14:58:18.130" level="TRACE">Arguments: [  ]</msg>
<msg timestamp="20230622 14:58:18.130" level="TRACE">Return: [1]</msg>
<msg timestamp="20230622 14:58:18.130" level="INFO">${browsers} = [1]</msg>
<status status="PASS" starttime="20230622 14:58:18.130" endtime="20230622 14:58:18.130"/>
</kw>
<kw name="Get Length" library="BuiltIn">
<var>${isOpenBrowser}</var>
<arg>${browsers}</arg>
<doc>Returns and logs the length of the given item as an integer.</doc>
<msg timestamp="20230622 14:58:18.131" level="TRACE">Arguments: [ [1] ]</msg>
<msg timestamp="20230622 14:58:18.131" level="INFO">Length is 1</msg>
<msg timestamp="20230622 14:58:18.131" level="TRACE">Return: 1</msg>
<msg timestamp="20230622 14:58:18.131" level="INFO">${isOpenBrowser} = 1</msg>
<status status="PASS" starttime="20230622 14:58:18.131" endtime="20230622 14:58:18.131"/>
</kw>
<kw name="Run Keyword If" library="BuiltIn">
<arg>${isOpenBrowser} &gt; 0</arg>
<arg>SeleniumLibrary.Close All Browsers</arg>
<doc>Runs the given keyword with the given arguments, if ``condition`` is true.</doc>
<msg timestamp="20230622 14:58:18.131" level="TRACE">Arguments: [ '1 &gt; 0' | 'SeleniumLibrary.Close All Browsers' ]</msg>
<kw name="Close All Browsers" library="SeleniumLibrary">
<doc>Closes all open browsers and resets the browser cache.</doc>
<msg timestamp="20230622 14:58:18.131" level="TRACE">Arguments: [  ]</msg>
<msg timestamp="20230622 14:58:18.131" level="DEBUG">Closing all browsers.</msg>
<msg timestamp="20230622 14:58:18.131" level="DEBUG">DELETE http://localhost:61311/session/33fa39f2fe6c8cb7724d8e9df3bdfb6c {}</msg>
<msg timestamp="20230622 14:58:18.215" level="DEBUG">http://localhost:61311 "DELETE /session/33fa39f2fe6c8cb7724d8e9df3bdfb6c HTTP/1.1" 200 14</msg>
<msg timestamp="20230622 14:58:18.215" level="DEBUG">Remote response: status=200 | data={"value":null} | headers=HTTPHeaderDict({'Content-Length': '14', 'Content-Type': 'application/json; charset=utf-8', 'cache-control': 'no-cache'})</msg>
<msg timestamp="20230622 14:58:18.215" level="DEBUG">Finished Request</msg>
<msg timestamp="20230622 14:58:24.372" level="TRACE">Return: None</msg>
<status status="PASS" starttime="20230622 14:58:18.131" endtime="20230622 14:58:24.372"/>
</kw>
<msg timestamp="20230622 14:58:24.372" level="TRACE">Return: None</msg>
<status status="PASS" starttime="20230622 14:58:18.131" endtime="20230622 14:58:24.372"/>
</kw>
<msg timestamp="20230622 14:58:24.372" level="TRACE">Return: None</msg>
<status status="PASS" starttime="20230622 14:58:18.130" endtime="20230622 14:58:24.372"/>
</kw>
<msg timestamp="20230622 14:58:24.372" level="TRACE">Return: None</msg>
<msg timestamp="20230622 14:58:24.373" level="INFO">${returnValue} = None</msg>
<status status="PASS" starttime="20230622 14:58:18.118" endtime="20230622 14:58:24.373"/>
</kw>
<msg timestamp="20230622 14:58:24.373" level="TRACE">Return: None</msg>
<status status="PASS" starttime="20230622 14:58:18.115" endtime="20230622 14:58:24.373"/>
</kw>
<msg timestamp="20230622 14:58:24.373" level="TRACE">Return: None</msg>
<status status="PASS" starttime="20230622 14:58:18.115" endtime="20230622 14:58:24.373"/>
</kw>
<doc>Un nouveau utilisateur doit pouvoir s'inscrire sur le site</doc>
<tag>TNR INS</tag>
<status status="PASS" starttime="20230622 14:58:09.827" endtime="20230622 14:58:24.373"/>
</test>
<doc>Test d'inscription d'un nouveau utilisateur</doc>
<status status="PASS" starttime="20230622 14:58:07.893" endtime="20230622 14:58:24.375"/>
</suite>
<statistics>
<total>
<stat pass="1" fail="0" skip="0">All Tests</stat>
</total>
<tag>
<stat pass="1" fail="0" skip="0">TNR INS</stat>
</tag>
<suite>
<stat pass="1" fail="0" skip="0" id="s1" name="Inscription NouvelUtilisateur">Inscription NouvelUtilisateur</stat>
</suite>
</statistics>
<errors>
</errors>
</robot>
